#
# There is insufficient memory for the Java Runtime Environment to continue.
# Native memory allocation (malloc) failed to allocate 32744 bytes for ChunkPool::allocate
# Possible reasons:
#   The system is out of physical RAM or swap space
#   The process is running with CompressedOops enabled, and the Java Heap may be blocking the growth of the native heap
# Possible solutions:
#   Reduce memory load on the system
#   Increase physical memory or swap space
#   Check if swap backing store is full
#   Decrease Java heap size (-Xmx/-Xms)
#   Decrease number of Java threads
#   Decrease Java thread stack sizes (-Xss)
#   Set larger code cache with -XX:ReservedCodeCacheSize=
#   JVM is running with Unscaled Compressed Oops mode in which the Java heap is
#     placed in the first 4GB address space. The Java Heap base address is the
#     maximum limit for the native heap growth. Please use -XX:HeapBaseMinAddress
#     to set the Java Heap base and to place the Java Heap above 4GB virtual address.
# This output file may be truncated or incomplete.
#
#  Out of Memory Error (./src/hotspot/share/memory/arena.cpp:81), pid=19776, tid=14520
#
# JRE version: OpenJDK Runtime Environment AdoptOpenJDK (11.0.9+11) (build 11.0.9+11)
# Java VM: OpenJDK 64-Bit Server VM AdoptOpenJDK (11.0.9+11, mixed mode, tiered, compressed oops, g1 gc, windows-amd64)
# No core dump will be written. Minidumps are not enabled by default on client versions of Windows
#

---------------  S U M M A R Y ------------

Command Line: --add-opens=java.base/java.util=ALL-UNNAMED --add-opens=java.base/java.lang=ALL-UNNAMED --add-opens=java.base/java.lang.invoke=ALL-UNNAMED --add-opens=java.prefs/java.util.prefs=ALL-UNNAMED -XX:MaxMetaspaceSize=256m -XX:+HeapDumpOnOutOfMemoryError -Xms256m -Xmx512m -Dfile.encoding=windows-1252 -Duser.country=US -Duser.language=en -Duser.variant org.gradle.launcher.daemon.bootstrap.GradleDaemon 6.1.1

Host: Intel(R) Core(TM) i5-8250U CPU @ 1.60GHz, 8 cores, 7G,  Windows 10 , 64 bit Build 18362 (10.0.18362.1500)
Time: Fri May  7 10:22:20 2021 Pacific Daylight Time elapsed time: 3.966412 seconds (0d 0h 0m 3s)

---------------  T H R E A D  ---------------

Current thread (0x000001a5c869f000):  JavaThread "C2 CompilerThread0" daemon [_thread_in_native, id=14520, stack(0x0000000a57c00000,0x0000000a57d00000)]


Current CompileTask:
C2:   3966 2101   !   4       java.net.URLClassLoader$1::run (63 bytes)

Stack: [0x0000000a57c00000,0x0000000a57d00000]
Native frames: (J=compiled Java code, j=interpreted, Vv=VM code, C=native code)
V  [jvm.dll+0x5f465a]
V  [jvm.dll+0x77c78e]
V  [jvm.dll+0x77de5f]
V  [jvm.dll+0x77e523]
V  [jvm.dll+0x2477c8]
V  [jvm.dll+0xbe68b]
V  [jvm.dll+0xbe9ec]
V  [jvm.dll+0x352908]
V  [jvm.dll+0x351db1]
V  [jvm.dll+0x351df4]
V  [jvm.dll+0x4ee2fc]
V  [jvm.dll+0x4eead2]
V  [jvm.dll+0x31ae92]
V  [jvm.dll+0x31a19a]
V  [jvm.dll+0x201085]
V  [jvm.dll+0x20023f]
V  [jvm.dll+0x184fbc]
V  [jvm.dll+0x20f7f7]
V  [jvm.dll+0x20d9db]
V  [jvm.dll+0x741029]
V  [jvm.dll+0x73a0d4]
V  [jvm.dll+0x5f3586]
C  [ucrtbase.dll+0x210b2]
C  [KERNEL32.DLL+0x17c24]
C  [ntdll.dll+0x6d721]


---------------  P R O C E S S  ---------------

Threads class SMR info:
_java_thread_list=0x000001a5ca170ef0, length=28, elements={
0x000001a5ac5bd800, 0x000001a5c7d39800, 0x000001a5c7d42800, 0x000001a5c8699800,
0x000001a5c869a800, 0x000001a5c869f000, 0x000001a5c86ad800, 0x000001a5c86d3800,
0x000001a5c883d800, 0x000001a5c888a800, 0x000001a5ca622800, 0x000001a5c8a1e000,
0x000001a5c9e96800, 0x000001a5c9dcc800, 0x000001a5ca7a1800, 0x000001a5c9992000,
0x000001a5c998d000, 0x000001a5c9c89000, 0x000001a5c972d000, 0x000001a5c9d26000,
0x000001a5c9d25000, 0x000001a5c9d22000, 0x000001a5c9d22800, 0x000001a5ca75f000,
0x000001a5c9d20800, 0x000001a5c9d23800, 0x000001a5c9d27000, 0x000001a5c9d21000
}

Java Threads: ( => current thread )
  0x000001a5ac5bd800 JavaThread "main" [_thread_blocked, id=10852, stack(0x0000000a57100000,0x0000000a57200000)]
  0x000001a5c7d39800 JavaThread "Reference Handler" daemon [_thread_blocked, id=11460, stack(0x0000000a57800000,0x0000000a57900000)]
  0x000001a5c7d42800 JavaThread "Finalizer" daemon [_thread_blocked, id=20236, stack(0x0000000a57900000,0x0000000a57a00000)]
  0x000001a5c8699800 JavaThread "Signal Dispatcher" daemon [_thread_blocked, id=8972, stack(0x0000000a57a00000,0x0000000a57b00000)]
  0x000001a5c869a800 JavaThread "Attach Listener" daemon [_thread_blocked, id=3620, stack(0x0000000a57b00000,0x0000000a57c00000)]
=>0x000001a5c869f000 JavaThread "C2 CompilerThread0" daemon [_thread_in_native, id=14520, stack(0x0000000a57c00000,0x0000000a57d00000)]
  0x000001a5c86ad800 JavaThread "C1 CompilerThread0" daemon [_thread_in_native, id=15764, stack(0x0000000a57d00000,0x0000000a57e00000)]
  0x000001a5c86d3800 JavaThread "Sweeper thread" daemon [_thread_blocked, id=20400, stack(0x0000000a57e00000,0x0000000a57f00000)]
  0x000001a5c883d800 JavaThread "Common-Cleaner" daemon [_thread_blocked, id=15908, stack(0x0000000a57f00000,0x0000000a58000000)]
  0x000001a5c888a800 JavaThread "Service Thread" daemon [_thread_blocked, id=16592, stack(0x0000000a58000000,0x0000000a58100000)]
  0x000001a5ca622800 JavaThread "Daemon health stats" [_thread_blocked, id=12924, stack(0x0000000a58800000,0x0000000a58900000)]
  0x000001a5c8a1e000 JavaThread "Incoming local TCP Connector on port 63488" [_thread_in_native, id=10964, stack(0x0000000a58200000,0x0000000a58300000)]
  0x000001a5c9e96800 JavaThread "Daemon periodic checks" [_thread_blocked, id=13192, stack(0x0000000a58900000,0x0000000a58a00000)]
  0x000001a5c9dcc800 JavaThread "Daemon" [_thread_blocked, id=15424, stack(0x0000000a58a00000,0x0000000a58b00000)]
  0x000001a5ca7a1800 JavaThread "Handler for socket connection from /127.0.0.1:63488 to /127.0.0.1:63489" [_thread_in_native, id=4880, stack(0x0000000a58b00000,0x0000000a58c00000)]
  0x000001a5c9992000 JavaThread "Cancel handler" [_thread_blocked, id=11696, stack(0x0000000a58c00000,0x0000000a58d00000)]
  0x000001a5c998d000 JavaThread "Daemon worker" [_thread_in_native, id=10272, stack(0x0000000a58d00000,0x0000000a58e00000)]
  0x000001a5c9c89000 JavaThread "Asynchronous log dispatcher for DefaultDaemonConnection: socket connection from /127.0.0.1:63488 to /127.0.0.1:63489" [_thread_blocked, id=7056, stack(0x0000000a58e00000,0x0000000a58f00000)]
  0x000001a5c972d000 JavaThread "Stdin handler" [_thread_blocked, id=8516, stack(0x0000000a58f00000,0x0000000a59000000)]
  0x000001a5c9d26000 JavaThread "Thread-8" [_thread_blocked, id=18472, stack(0x0000000a59000000,0x0000000a59100000)]
  0x000001a5c9d25000 JavaThread "Cache worker for journal cache (C:\Users\gauta\.gradle\caches\journal-1)" [_thread_blocked, id=19732, stack(0x0000000a59100000,0x0000000a59200000)]
  0x000001a5c9d22000 JavaThread "File lock request listener" [_thread_in_native, id=14688, stack(0x0000000a59200000,0x0000000a59300000)]
  0x000001a5c9d22800 JavaThread "Cache worker for file hash cache (C:\Users\gauta\.gradle\caches\6.1.1\fileHashes)" [_thread_blocked, id=20300, stack(0x0000000a59300000,0x0000000a59400000)]
  0x000001a5ca75f000 JavaThread "C2 CompilerThread1" daemon [_thread_in_native, id=9732, stack(0x0000000a59700000,0x0000000a59800000)]
  0x000001a5c9d20800 JavaThread "Cache worker for checksums cache (C:\Users\gauta\IdeaProjects\Command_Framework\.gradle\checksums)" [_thread_blocked, id=1088, stack(0x0000000a59800000,0x0000000a59900000)]
  0x000001a5c9d23800 JavaThread "Cache worker for file hash cache (C:\Users\gauta\IdeaProjects\Command_Framework\.gradle\6.1.1\fileHashes)" [_thread_blocked, id=4756, stack(0x0000000a59900000,0x0000000a59a00000)]
  0x000001a5c9d27000 JavaThread "Cache worker for cache directory md-supplier (C:\Users\gauta\.gradle\caches\6.1.1\md-supplier)" [_thread_blocked, id=8556, stack(0x0000000a59a00000,0x0000000a59b00000)]
  0x000001a5c9d21000 JavaThread "Cache worker for cache directory md-rule (C:\Users\gauta\.gradle\caches\6.1.1\md-rule)" [_thread_blocked, id=19044, stack(0x0000000a59b00000,0x0000000a59c00000)]

Other Threads:
  0x000001a5c7d17000 VMThread "VM Thread" [stack: 0x0000000a57700000,0x0000000a57800000] [id=12364]
  0x000001a5c888c000 WatcherThread [stack: 0x0000000a58100000,0x0000000a58200000] [id=8184]
  0x000001a5ac5d8800 GCTaskThread "GC Thread#0" [stack: 0x0000000a57200000,0x0000000a57300000] [id=7560]
  0x000001a5c9191000 GCTaskThread "GC Thread#1" [stack: 0x0000000a58300000,0x0000000a58400000] [id=928]
  0x000001a5c92c8000 GCTaskThread "GC Thread#2" [stack: 0x0000000a58400000,0x0000000a58500000] [id=15340]
  0x000001a5c92c8800 GCTaskThread "GC Thread#3" [stack: 0x0000000a58500000,0x0000000a58600000] [id=11436]
  0x000001a5c92a2000 GCTaskThread "GC Thread#4" [stack: 0x0000000a58600000,0x0000000a58700000] [id=2128]
  0x000001a5c92a3800 GCTaskThread "GC Thread#5" [stack: 0x0000000a58700000,0x0000000a58800000] [id=6240]
  0x000001a5c9ee4800 GCTaskThread "GC Thread#6" [stack: 0x0000000a59400000,0x0000000a59500000] [id=12376]
  0x000001a5ca159800 GCTaskThread "GC Thread#7" [stack: 0x0000000a59500000,0x0000000a59600000] [id=10808]
  0x000001a5ac5e9800 ConcurrentGCThread "G1 Main Marker" [stack: 0x0000000a57300000,0x0000000a57400000] [id=15064]
  0x000001a5ac5eb800 ConcurrentGCThread "G1 Conc#0" [stack: 0x0000000a57400000,0x0000000a57500000] [id=9468]
  0x000001a5ca740800 ConcurrentGCThread "G1 Conc#1" [stack: 0x0000000a59600000,0x0000000a59700000] [id=828]
  0x000001a5c7bb2800 ConcurrentGCThread "G1 Refine#0" [stack: 0x0000000a57500000,0x0000000a57600000] [id=824]
  0x000001a5ac68e800 ConcurrentGCThread "G1 Young RemSet Sampling" [stack: 0x0000000a57600000,0x0000000a57700000] [id=12524]

Threads with active compile tasks:
C2 CompilerThread0   4022 2101   !   4       java.net.URLClassLoader$1::run (63 bytes)
C1 CompilerThread0   4022 2182       3       org.gradle.internal.instantiation.generator.AbstractClassGenerator::assertNotAbstract (59 bytes)
C2 CompilerThread1   4022 2013       4       java.net.URLClassLoader$1::run (5 bytes)

VM state:not at safepoint (normal execution)

VM Mutex/Monitor currently owned by a thread: None

Heap address: 0x00000000e0000000, size: 512 MB, Compressed Oops mode: 32-bit
Narrow klass base: 0x0000000000000000, Narrow klass shift: 3
Compressed class space size: 260046848 Address: 0x0000000100000000

Heap:
 garbage-first heap   total 262144K, used 63460K [0x00000000e0000000, 0x0000000100000000)
  region size 1024K, 58 young (59392K), 11 survivors (11264K)
 Metaspace       used 26831K, capacity 27442K, committed 27696K, reserved 278528K
  class space    used 3461K, capacity 3631K, committed 3712K, reserved 253952K
Heap Regions: E=young(eden), S=young(survivor), O=old, HS=humongous(starts), HC=humongous(continues), CS=collection set, F=free, A=archive, TAMS=top-at-mark-start (previous, next)
|   0|0x00000000e0000000, 0x00000000e0000000, 0x00000000e0100000|  0%| F|  |TAMS 0x00000000e0000000, 0x00000000e0000000| Untracked 
|   1|0x00000000e0100000, 0x00000000e0100000, 0x00000000e0200000|  0%| F|  |TAMS 0x00000000e0100000, 0x00000000e0100000| Untracked 
|   2|0x00000000e0200000, 0x00000000e0200000, 0x00000000e0300000|  0%| F|  |TAMS 0x00000000e0200000, 0x00000000e0200000| Untracked 
|   3|0x00000000e0300000, 0x00000000e0400000, 0x00000000e0400000|100%|HS|  |TAMS 0x00000000e0400000, 0x00000000e0300000| Complete 
|   4|0x00000000e0400000, 0x00000000e0500000, 0x00000000e0500000|100%|HC|  |TAMS 0x00000000e0500000, 0x00000000e0400000| Complete 
|   5|0x00000000e0500000, 0x00000000e0600000, 0x00000000e0600000|100%|HC|  |TAMS 0x00000000e0600000, 0x00000000e0500000| Complete 
|   6|0x00000000e0600000, 0x00000000e0700000, 0x00000000e0700000|100%| O|  |TAMS 0x00000000e0700000, 0x00000000e0600000| Untracked 
|   7|0x00000000e0700000, 0x00000000e0800000, 0x00000000e0800000|100%| O|  |TAMS 0x00000000e0800000, 0x00000000e0700000| Untracked 
|   8|0x00000000e0800000, 0x00000000e0867000, 0x00000000e0900000| 40%| O|  |TAMS 0x00000000e0867000, 0x00000000e0800000| Untracked 
|   9|0x00000000e0900000, 0x00000000e0900000, 0x00000000e0a00000|  0%| F|  |TAMS 0x00000000e0900000, 0x00000000e0900000| Untracked 
|  10|0x00000000e0a00000, 0x00000000e0a00000, 0x00000000e0b00000|  0%| F|  |TAMS 0x00000000e0a00000, 0x00000000e0a00000| Untracked 
|  11|0x00000000e0b00000, 0x00000000e0b00000, 0x00000000e0c00000|  0%| F|  |TAMS 0x00000000e0b00000, 0x00000000e0b00000| Untracked 
|  12|0x00000000e0c00000, 0x00000000e0c00000, 0x00000000e0d00000|  0%| F|  |TAMS 0x00000000e0c00000, 0x00000000e0c00000| Untracked 
|  13|0x00000000e0d00000, 0x00000000e0d00000, 0x00000000e0e00000|  0%| F|  |TAMS 0x00000000e0d00000, 0x00000000e0d00000| Untracked 
|  14|0x00000000e0e00000, 0x00000000e0e00000, 0x00000000e0f00000|  0%| F|  |TAMS 0x00000000e0e00000, 0x00000000e0e00000| Untracked 
|  15|0x00000000e0f00000, 0x00000000e0f00000, 0x00000000e1000000|  0%| F|  |TAMS 0x00000000e0f00000, 0x00000000e0f00000| Untracked 
|  16|0x00000000e1000000, 0x00000000e1000000, 0x00000000e1100000|  0%| F|  |TAMS 0x00000000e1000000, 0x00000000e1000000| Untracked 
|  17|0x00000000e1100000, 0x00000000e1100000, 0x00000000e1200000|  0%| F|  |TAMS 0x00000000e1100000, 0x00000000e1100000| Untracked 
|  18|0x00000000e1200000, 0x00000000e1200000, 0x00000000e1300000|  0%| F|  |TAMS 0x00000000e1200000, 0x00000000e1200000| Untracked 
|  19|0x00000000e1300000, 0x00000000e1300000, 0x00000000e1400000|  0%| F|  |TAMS 0x00000000e1300000, 0x00000000e1300000| Untracked 
|  20|0x00000000e1400000, 0x00000000e1400000, 0x00000000e1500000|  0%| F|  |TAMS 0x00000000e1400000, 0x00000000e1400000| Untracked 
|  21|0x00000000e1500000, 0x00000000e1500000, 0x00000000e1600000|  0%| F|  |TAMS 0x00000000e1500000, 0x00000000e1500000| Untracked 
|  22|0x00000000e1600000, 0x00000000e1600000, 0x00000000e1700000|  0%| F|  |TAMS 0x00000000e1600000, 0x00000000e1600000| Untracked 
|  23|0x00000000e1700000, 0x00000000e1700000, 0x00000000e1800000|  0%| F|  |TAMS 0x00000000e1700000, 0x00000000e1700000| Untracked 
|  24|0x00000000e1800000, 0x00000000e1800000, 0x00000000e1900000|  0%| F|  |TAMS 0x00000000e1800000, 0x00000000e1800000| Untracked 
|  25|0x00000000e1900000, 0x00000000e1900000, 0x00000000e1a00000|  0%| F|  |TAMS 0x00000000e1900000, 0x00000000e1900000| Untracked 
|  26|0x00000000e1a00000, 0x00000000e1a00000, 0x00000000e1b00000|  0%| F|  |TAMS 0x00000000e1a00000, 0x00000000e1a00000| Untracked 
|  27|0x00000000e1b00000, 0x00000000e1b00000, 0x00000000e1c00000|  0%| F|  |TAMS 0x00000000e1b00000, 0x00000000e1b00000| Untracked 
|  28|0x00000000e1c00000, 0x00000000e1c00000, 0x00000000e1d00000|  0%| F|  |TAMS 0x00000000e1c00000, 0x00000000e1c00000| Untracked 
|  29|0x00000000e1d00000, 0x00000000e1d00000, 0x00000000e1e00000|  0%| F|  |TAMS 0x00000000e1d00000, 0x00000000e1d00000| Untracked 
|  30|0x00000000e1e00000, 0x00000000e1e00000, 0x00000000e1f00000|  0%| F|  |TAMS 0x00000000e1e00000, 0x00000000e1e00000| Untracked 
|  31|0x00000000e1f00000, 0x00000000e1f00000, 0x00000000e2000000|  0%| F|  |TAMS 0x00000000e1f00000, 0x00000000e1f00000| Untracked 
|  32|0x00000000e2000000, 0x00000000e2000000, 0x00000000e2100000|  0%| F|  |TAMS 0x00000000e2000000, 0x00000000e2000000| Untracked 
|  33|0x00000000e2100000, 0x00000000e2100000, 0x00000000e2200000|  0%| F|  |TAMS 0x00000000e2100000, 0x00000000e2100000| Untracked 
|  34|0x00000000e2200000, 0x00000000e2200000, 0x00000000e2300000|  0%| F|  |TAMS 0x00000000e2200000, 0x00000000e2200000| Untracked 
|  35|0x00000000e2300000, 0x00000000e2300000, 0x00000000e2400000|  0%| F|  |TAMS 0x00000000e2300000, 0x00000000e2300000| Untracked 
|  36|0x00000000e2400000, 0x00000000e2400000, 0x00000000e2500000|  0%| F|  |TAMS 0x00000000e2400000, 0x00000000e2400000| Untracked 
|  37|0x00000000e2500000, 0x00000000e2500000, 0x00000000e2600000|  0%| F|  |TAMS 0x00000000e2500000, 0x00000000e2500000| Untracked 
|  38|0x00000000e2600000, 0x00000000e2600000, 0x00000000e2700000|  0%| F|  |TAMS 0x00000000e2600000, 0x00000000e2600000| Untracked 
|  39|0x00000000e2700000, 0x00000000e2700000, 0x00000000e2800000|  0%| F|  |TAMS 0x00000000e2700000, 0x00000000e2700000| Untracked 
|  40|0x00000000e2800000, 0x00000000e2800000, 0x00000000e2900000|  0%| F|  |TAMS 0x00000000e2800000, 0x00000000e2800000| Untracked 
|  41|0x00000000e2900000, 0x00000000e2900000, 0x00000000e2a00000|  0%| F|  |TAMS 0x00000000e2900000, 0x00000000e2900000| Untracked 
|  42|0x00000000e2a00000, 0x00000000e2a00000, 0x00000000e2b00000|  0%| F|  |TAMS 0x00000000e2a00000, 0x00000000e2a00000| Untracked 
|  43|0x00000000e2b00000, 0x00000000e2b00000, 0x00000000e2c00000|  0%| F|  |TAMS 0x00000000e2b00000, 0x00000000e2b00000| Untracked 
|  44|0x00000000e2c00000, 0x00000000e2c00000, 0x00000000e2d00000|  0%| F|  |TAMS 0x00000000e2c00000, 0x00000000e2c00000| Untracked 
|  45|0x00000000e2d00000, 0x00000000e2d00000, 0x00000000e2e00000|  0%| F|  |TAMS 0x00000000e2d00000, 0x00000000e2d00000| Untracked 
|  46|0x00000000e2e00000, 0x00000000e2e00000, 0x00000000e2f00000|  0%| F|  |TAMS 0x00000000e2e00000, 0x00000000e2e00000| Untracked 
|  47|0x00000000e2f00000, 0x00000000e2f00000, 0x00000000e3000000|  0%| F|  |TAMS 0x00000000e2f00000, 0x00000000e2f00000| Untracked 
|  48|0x00000000e3000000, 0x00000000e3000000, 0x00000000e3100000|  0%| F|  |TAMS 0x00000000e3000000, 0x00000000e3000000| Untracked 
|  49|0x00000000e3100000, 0x00000000e3100000, 0x00000000e3200000|  0%| F|  |TAMS 0x00000000e3100000, 0x00000000e3100000| Untracked 
|  50|0x00000000e3200000, 0x00000000e3200000, 0x00000000e3300000|  0%| F|  |TAMS 0x00000000e3200000, 0x00000000e3200000| Untracked 
|  51|0x00000000e3300000, 0x00000000e3300000, 0x00000000e3400000|  0%| F|  |TAMS 0x00000000e3300000, 0x00000000e3300000| Untracked 
|  52|0x00000000e3400000, 0x00000000e3400000, 0x00000000e3500000|  0%| F|  |TAMS 0x00000000e3400000, 0x00000000e3400000| Untracked 
|  53|0x00000000e3500000, 0x00000000e3500000, 0x00000000e3600000|  0%| F|  |TAMS 0x00000000e3500000, 0x00000000e3500000| Untracked 
|  54|0x00000000e3600000, 0x00000000e3600000, 0x00000000e3700000|  0%| F|  |TAMS 0x00000000e3600000, 0x00000000e3600000| Untracked 
|  55|0x00000000e3700000, 0x00000000e3700000, 0x00000000e3800000|  0%| F|  |TAMS 0x00000000e3700000, 0x00000000e3700000| Untracked 
|  56|0x00000000e3800000, 0x00000000e3800000, 0x00000000e3900000|  0%| F|  |TAMS 0x00000000e3800000, 0x00000000e3800000| Untracked 
|  57|0x00000000e3900000, 0x00000000e3900000, 0x00000000e3a00000|  0%| F|  |TAMS 0x00000000e3900000, 0x00000000e3900000| Untracked 
|  58|0x00000000e3a00000, 0x00000000e3a00000, 0x00000000e3b00000|  0%| F|  |TAMS 0x00000000e3a00000, 0x00000000e3a00000| Untracked 
|  59|0x00000000e3b00000, 0x00000000e3b00000, 0x00000000e3c00000|  0%| F|  |TAMS 0x00000000e3b00000, 0x00000000e3b00000| Untracked 
|  60|0x00000000e3c00000, 0x00000000e3c00000, 0x00000000e3d00000|  0%| F|  |TAMS 0x00000000e3c00000, 0x00000000e3c00000| Untracked 
|  61|0x00000000e3d00000, 0x00000000e3d00000, 0x00000000e3e00000|  0%| F|  |TAMS 0x00000000e3d00000, 0x00000000e3d00000| Untracked 
|  62|0x00000000e3e00000, 0x00000000e3e00000, 0x00000000e3f00000|  0%| F|  |TAMS 0x00000000e3e00000, 0x00000000e3e00000| Untracked 
|  63|0x00000000e3f00000, 0x00000000e3f00000, 0x00000000e4000000|  0%| F|  |TAMS 0x00000000e3f00000, 0x00000000e3f00000| Untracked 
|  64|0x00000000e4000000, 0x00000000e4000000, 0x00000000e4100000|  0%| F|  |TAMS 0x00000000e4000000, 0x00000000e4000000| Untracked 
|  65|0x00000000e4100000, 0x00000000e4100000, 0x00000000e4200000|  0%| F|  |TAMS 0x00000000e4100000, 0x00000000e4100000| Untracked 
|  66|0x00000000e4200000, 0x00000000e4200000, 0x00000000e4300000|  0%| F|  |TAMS 0x00000000e4200000, 0x00000000e4200000| Untracked 
|  67|0x00000000e4300000, 0x00000000e4300000, 0x00000000e4400000|  0%| F|  |TAMS 0x00000000e4300000, 0x00000000e4300000| Untracked 
|  68|0x00000000e4400000, 0x00000000e4400000, 0x00000000e4500000|  0%| F|  |TAMS 0x00000000e4400000, 0x00000000e4400000| Untracked 
|  69|0x00000000e4500000, 0x00000000e4500000, 0x00000000e4600000|  0%| F|  |TAMS 0x00000000e4500000, 0x00000000e4500000| Untracked 
|  70|0x00000000e4600000, 0x00000000e4600000, 0x00000000e4700000|  0%| F|  |TAMS 0x00000000e4600000, 0x00000000e4600000| Untracked 
|  71|0x00000000e4700000, 0x00000000e4700000, 0x00000000e4800000|  0%| F|  |TAMS 0x00000000e4700000, 0x00000000e4700000| Untracked 
|  72|0x00000000e4800000, 0x00000000e4800000, 0x00000000e4900000|  0%| F|  |TAMS 0x00000000e4800000, 0x00000000e4800000| Untracked 
|  73|0x00000000e4900000, 0x00000000e4900000, 0x00000000e4a00000|  0%| F|  |TAMS 0x00000000e4900000, 0x00000000e4900000| Untracked 
|  74|0x00000000e4a00000, 0x00000000e4a00000, 0x00000000e4b00000|  0%| F|  |TAMS 0x00000000e4a00000, 0x00000000e4a00000| Untracked 
|  75|0x00000000e4b00000, 0x00000000e4b00000, 0x00000000e4c00000|  0%| F|  |TAMS 0x00000000e4b00000, 0x00000000e4b00000| Untracked 
|  76|0x00000000e4c00000, 0x00000000e4c00000, 0x00000000e4d00000|  0%| F|  |TAMS 0x00000000e4c00000, 0x00000000e4c00000| Untracked 
|  77|0x00000000e4d00000, 0x00000000e4d00000, 0x00000000e4e00000|  0%| F|  |TAMS 0x00000000e4d00000, 0x00000000e4d00000| Untracked 
|  78|0x00000000e4e00000, 0x00000000e4e00000, 0x00000000e4f00000|  0%| F|  |TAMS 0x00000000e4e00000, 0x00000000e4e00000| Untracked 
|  79|0x00000000e4f00000, 0x00000000e4f00000, 0x00000000e5000000|  0%| F|  |TAMS 0x00000000e4f00000, 0x00000000e4f00000| Untracked 
|  80|0x00000000e5000000, 0x00000000e5000000, 0x00000000e5100000|  0%| F|  |TAMS 0x00000000e5000000, 0x00000000e5000000| Untracked 
|  81|0x00000000e5100000, 0x00000000e5100000, 0x00000000e5200000|  0%| F|  |TAMS 0x00000000e5100000, 0x00000000e5100000| Untracked 
|  82|0x00000000e5200000, 0x00000000e5200000, 0x00000000e5300000|  0%| F|  |TAMS 0x00000000e5200000, 0x00000000e5200000| Untracked 
|  83|0x00000000e5300000, 0x00000000e5300000, 0x00000000e5400000|  0%| F|  |TAMS 0x00000000e5300000, 0x00000000e5300000| Untracked 
|  84|0x00000000e5400000, 0x00000000e5400000, 0x00000000e5500000|  0%| F|  |TAMS 0x00000000e5400000, 0x00000000e5400000| Untracked 
|  85|0x00000000e5500000, 0x00000000e5500000, 0x00000000e5600000|  0%| F|  |TAMS 0x00000000e5500000, 0x00000000e5500000| Untracked 
|  86|0x00000000e5600000, 0x00000000e5600000, 0x00000000e5700000|  0%| F|  |TAMS 0x00000000e5600000, 0x00000000e5600000| Untracked 
|  87|0x00000000e5700000, 0x00000000e5700000, 0x00000000e5800000|  0%| F|  |TAMS 0x00000000e5700000, 0x00000000e5700000| Untracked 
|  88|0x00000000e5800000, 0x00000000e5800000, 0x00000000e5900000|  0%| F|  |TAMS 0x00000000e5800000, 0x00000000e5800000| Untracked 
|  89|0x00000000e5900000, 0x00000000e5900000, 0x00000000e5a00000|  0%| F|  |TAMS 0x00000000e5900000, 0x00000000e5900000| Untracked 
|  90|0x00000000e5a00000, 0x00000000e5a00000, 0x00000000e5b00000|  0%| F|  |TAMS 0x00000000e5a00000, 0x00000000e5a00000| Untracked 
|  91|0x00000000e5b00000, 0x00000000e5b00000, 0x00000000e5c00000|  0%| F|  |TAMS 0x00000000e5b00000, 0x00000000e5b00000| Untracked 
|  92|0x00000000e5c00000, 0x00000000e5c00000, 0x00000000e5d00000|  0%| F|  |TAMS 0x00000000e5c00000, 0x00000000e5c00000| Untracked 
|  93|0x00000000e5d00000, 0x00000000e5d00000, 0x00000000e5e00000|  0%| F|  |TAMS 0x00000000e5d00000, 0x00000000e5d00000| Untracked 
|  94|0x00000000e5e00000, 0x00000000e5e00000, 0x00000000e5f00000|  0%| F|  |TAMS 0x00000000e5e00000, 0x00000000e5e00000| Untracked 
|  95|0x00000000e5f00000, 0x00000000e5f00000, 0x00000000e6000000|  0%| F|  |TAMS 0x00000000e5f00000, 0x00000000e5f00000| Untracked 
|  96|0x00000000e6000000, 0x00000000e6000000, 0x00000000e6100000|  0%| F|  |TAMS 0x00000000e6000000, 0x00000000e6000000| Untracked 
|  97|0x00000000e6100000, 0x00000000e6100000, 0x00000000e6200000|  0%| F|  |TAMS 0x00000000e6100000, 0x00000000e6100000| Untracked 
|  98|0x00000000e6200000, 0x00000000e6200000, 0x00000000e6300000|  0%| F|  |TAMS 0x00000000e6200000, 0x00000000e6200000| Untracked 
|  99|0x00000000e6300000, 0x00000000e6300000, 0x00000000e6400000|  0%| F|  |TAMS 0x00000000e6300000, 0x00000000e6300000| Untracked 
| 100|0x00000000e6400000, 0x00000000e6400000, 0x00000000e6500000|  0%| F|  |TAMS 0x00000000e6400000, 0x00000000e6400000| Untracked 
| 101|0x00000000e6500000, 0x00000000e6500000, 0x00000000e6600000|  0%| F|  |TAMS 0x00000000e6500000, 0x00000000e6500000| Untracked 
| 102|0x00000000e6600000, 0x00000000e6600000, 0x00000000e6700000|  0%| F|  |TAMS 0x00000000e6600000, 0x00000000e6600000| Untracked 
| 103|0x00000000e6700000, 0x00000000e6700000, 0x00000000e6800000|  0%| F|  |TAMS 0x00000000e6700000, 0x00000000e6700000| Untracked 
| 104|0x00000000e6800000, 0x00000000e6800000, 0x00000000e6900000|  0%| F|  |TAMS 0x00000000e6800000, 0x00000000e6800000| Untracked 
| 105|0x00000000e6900000, 0x00000000e6900000, 0x00000000e6a00000|  0%| F|  |TAMS 0x00000000e6900000, 0x00000000e6900000| Untracked 
| 106|0x00000000e6a00000, 0x00000000e6a00000, 0x00000000e6b00000|  0%| F|  |TAMS 0x00000000e6a00000, 0x00000000e6a00000| Untracked 
| 107|0x00000000e6b00000, 0x00000000e6b00000, 0x00000000e6c00000|  0%| F|  |TAMS 0x00000000e6b00000, 0x00000000e6b00000| Untracked 
| 108|0x00000000e6c00000, 0x00000000e6c00000, 0x00000000e6d00000|  0%| F|  |TAMS 0x00000000e6c00000, 0x00000000e6c00000| Untracked 
| 109|0x00000000e6d00000, 0x00000000e6d00000, 0x00000000e6e00000|  0%| F|  |TAMS 0x00000000e6d00000, 0x00000000e6d00000| Untracked 
| 110|0x00000000e6e00000, 0x00000000e6e00000, 0x00000000e6f00000|  0%| F|  |TAMS 0x00000000e6e00000, 0x00000000e6e00000| Untracked 
| 111|0x00000000e6f00000, 0x00000000e6f00000, 0x00000000e7000000|  0%| F|  |TAMS 0x00000000e6f00000, 0x00000000e6f00000| Untracked 
| 112|0x00000000e7000000, 0x00000000e7000000, 0x00000000e7100000|  0%| F|  |TAMS 0x00000000e7000000, 0x00000000e7000000| Untracked 
| 113|0x00000000e7100000, 0x00000000e7100000, 0x00000000e7200000|  0%| F|  |TAMS 0x00000000e7100000, 0x00000000e7100000| Untracked 
| 114|0x00000000e7200000, 0x00000000e7200000, 0x00000000e7300000|  0%| F|  |TAMS 0x00000000e7200000, 0x00000000e7200000| Untracked 
| 115|0x00000000e7300000, 0x00000000e7300000, 0x00000000e7400000|  0%| F|  |TAMS 0x00000000e7300000, 0x00000000e7300000| Untracked 
| 116|0x00000000e7400000, 0x00000000e7400000, 0x00000000e7500000|  0%| F|  |TAMS 0x00000000e7400000, 0x00000000e7400000| Untracked 
| 117|0x00000000e7500000, 0x00000000e7500000, 0x00000000e7600000|  0%| F|  |TAMS 0x00000000e7500000, 0x00000000e7500000| Untracked 
| 118|0x00000000e7600000, 0x00000000e7600000, 0x00000000e7700000|  0%| F|  |TAMS 0x00000000e7600000, 0x00000000e7600000| Untracked 
| 119|0x00000000e7700000, 0x00000000e7700000, 0x00000000e7800000|  0%| F|  |TAMS 0x00000000e7700000, 0x00000000e7700000| Untracked 
| 120|0x00000000e7800000, 0x00000000e7800000, 0x00000000e7900000|  0%| F|  |TAMS 0x00000000e7800000, 0x00000000e7800000| Untracked 
| 121|0x00000000e7900000, 0x00000000e7900000, 0x00000000e7a00000|  0%| F|  |TAMS 0x00000000e7900000, 0x00000000e7900000| Untracked 
| 122|0x00000000e7a00000, 0x00000000e7a00000, 0x00000000e7b00000|  0%| F|  |TAMS 0x00000000e7a00000, 0x00000000e7a00000| Untracked 
| 123|0x00000000e7b00000, 0x00000000e7b00000, 0x00000000e7c00000|  0%| F|  |TAMS 0x00000000e7b00000, 0x00000000e7b00000| Untracked 
| 124|0x00000000e7c00000, 0x00000000e7c00000, 0x00000000e7d00000|  0%| F|  |TAMS 0x00000000e7c00000, 0x00000000e7c00000| Untracked 
| 125|0x00000000e7d00000, 0x00000000e7d00000, 0x00000000e7e00000|  0%| F|  |TAMS 0x00000000e7d00000, 0x00000000e7d00000| Untracked 
| 126|0x00000000e7e00000, 0x00000000e7e00000, 0x00000000e7f00000|  0%| F|  |TAMS 0x00000000e7e00000, 0x00000000e7e00000| Untracked 
| 127|0x00000000e7f00000, 0x00000000e7f00000, 0x00000000e8000000|  0%| F|  |TAMS 0x00000000e7f00000, 0x00000000e7f00000| Untracked 
| 128|0x00000000e8000000, 0x00000000e8000000, 0x00000000e8100000|  0%| F|  |TAMS 0x00000000e8000000, 0x00000000e8000000| Untracked 
| 129|0x00000000e8100000, 0x00000000e8100000, 0x00000000e8200000|  0%| F|  |TAMS 0x00000000e8100000, 0x00000000e8100000| Untracked 
| 130|0x00000000e8200000, 0x00000000e8200000, 0x00000000e8300000|  0%| F|  |TAMS 0x00000000e8200000, 0x00000000e8200000| Untracked 
| 131|0x00000000e8300000, 0x00000000e8300000, 0x00000000e8400000|  0%| F|  |TAMS 0x00000000e8300000, 0x00000000e8300000| Untracked 
| 132|0x00000000e8400000, 0x00000000e8400000, 0x00000000e8500000|  0%| F|  |TAMS 0x00000000e8400000, 0x00000000e8400000| Untracked 
| 133|0x00000000e8500000, 0x00000000e8500000, 0x00000000e8600000|  0%| F|  |TAMS 0x00000000e8500000, 0x00000000e8500000| Untracked 
| 134|0x00000000e8600000, 0x00000000e8600000, 0x00000000e8700000|  0%| F|  |TAMS 0x00000000e8600000, 0x00000000e8600000| Untracked 
| 135|0x00000000e8700000, 0x00000000e8700000, 0x00000000e8800000|  0%| F|  |TAMS 0x00000000e8700000, 0x00000000e8700000| Untracked 
| 136|0x00000000e8800000, 0x00000000e8800000, 0x00000000e8900000|  0%| F|  |TAMS 0x00000000e8800000, 0x00000000e8800000| Untracked 
| 137|0x00000000e8900000, 0x00000000e8900000, 0x00000000e8a00000|  0%| F|  |TAMS 0x00000000e8900000, 0x00000000e8900000| Untracked 
| 138|0x00000000e8a00000, 0x00000000e8a00000, 0x00000000e8b00000|  0%| F|  |TAMS 0x00000000e8a00000, 0x00000000e8a00000| Untracked 
| 139|0x00000000e8b00000, 0x00000000e8b00000, 0x00000000e8c00000|  0%| F|  |TAMS 0x00000000e8b00000, 0x00000000e8b00000| Untracked 
| 140|0x00000000e8c00000, 0x00000000e8c00000, 0x00000000e8d00000|  0%| F|  |TAMS 0x00000000e8c00000, 0x00000000e8c00000| Untracked 
| 141|0x00000000e8d00000, 0x00000000e8d00000, 0x00000000e8e00000|  0%| F|  |TAMS 0x00000000e8d00000, 0x00000000e8d00000| Untracked 
| 142|0x00000000e8e00000, 0x00000000e8e00000, 0x00000000e8f00000|  0%| F|  |TAMS 0x00000000e8e00000, 0x00000000e8e00000| Untracked 
| 143|0x00000000e8f00000, 0x00000000e8f00000, 0x00000000e9000000|  0%| F|  |TAMS 0x00000000e8f00000, 0x00000000e8f00000| Untracked 
| 144|0x00000000e9000000, 0x00000000e9000000, 0x00000000e9100000|  0%| F|  |TAMS 0x00000000e9000000, 0x00000000e9000000| Untracked 
| 145|0x00000000e9100000, 0x00000000e9100000, 0x00000000e9200000|  0%| F|  |TAMS 0x00000000e9100000, 0x00000000e9100000| Untracked 
| 146|0x00000000e9200000, 0x00000000e9200000, 0x00000000e9300000|  0%| F|  |TAMS 0x00000000e9200000, 0x00000000e9200000| Untracked 
| 147|0x00000000e9300000, 0x00000000e9300000, 0x00000000e9400000|  0%| F|  |TAMS 0x00000000e9300000, 0x00000000e9300000| Untracked 
| 148|0x00000000e9400000, 0x00000000e9400000, 0x00000000e9500000|  0%| F|  |TAMS 0x00000000e9400000, 0x00000000e9400000| Untracked 
| 149|0x00000000e9500000, 0x00000000e9500000, 0x00000000e9600000|  0%| F|  |TAMS 0x00000000e9500000, 0x00000000e9500000| Untracked 
| 150|0x00000000e9600000, 0x00000000e9600000, 0x00000000e9700000|  0%| F|  |TAMS 0x00000000e9600000, 0x00000000e9600000| Untracked 
| 151|0x00000000e9700000, 0x00000000e9700000, 0x00000000e9800000|  0%| F|  |TAMS 0x00000000e9700000, 0x00000000e9700000| Untracked 
| 152|0x00000000e9800000, 0x00000000e9800000, 0x00000000e9900000|  0%| F|  |TAMS 0x00000000e9800000, 0x00000000e9800000| Untracked 
| 153|0x00000000e9900000, 0x00000000e9900000, 0x00000000e9a00000|  0%| F|  |TAMS 0x00000000e9900000, 0x00000000e9900000| Untracked 
| 154|0x00000000e9a00000, 0x00000000e9a00000, 0x00000000e9b00000|  0%| F|  |TAMS 0x00000000e9a00000, 0x00000000e9a00000| Untracked 
| 155|0x00000000e9b00000, 0x00000000e9b00000, 0x00000000e9c00000|  0%| F|  |TAMS 0x00000000e9b00000, 0x00000000e9b00000| Untracked 
| 156|0x00000000e9c00000, 0x00000000e9c00000, 0x00000000e9d00000|  0%| F|  |TAMS 0x00000000e9c00000, 0x00000000e9c00000| Untracked 
| 157|0x00000000e9d00000, 0x00000000e9d921a0, 0x00000000e9e00000| 57%| S|CS|TAMS 0x00000000e9d00000, 0x00000000e9d00000| Complete 
| 158|0x00000000e9e00000, 0x00000000e9f00000, 0x00000000e9f00000|100%| S|CS|TAMS 0x00000000e9e00000, 0x00000000e9e00000| Complete 
| 159|0x00000000e9f00000, 0x00000000ea000000, 0x00000000ea000000|100%| S|CS|TAMS 0x00000000e9f00000, 0x00000000e9f00000| Complete 
| 160|0x00000000ea000000, 0x00000000ea100000, 0x00000000ea100000|100%| S|CS|TAMS 0x00000000ea000000, 0x00000000ea000000| Complete 
| 161|0x00000000ea100000, 0x00000000ea200000, 0x00000000ea200000|100%| S|CS|TAMS 0x00000000ea100000, 0x00000000ea100000| Complete 
| 162|0x00000000ea200000, 0x00000000ea300000, 0x00000000ea300000|100%| S|CS|TAMS 0x00000000ea200000, 0x00000000ea200000| Complete 
| 163|0x00000000ea300000, 0x00000000ea400000, 0x00000000ea400000|100%| S|CS|TAMS 0x00000000ea300000, 0x00000000ea300000| Complete 
| 164|0x00000000ea400000, 0x00000000ea500000, 0x00000000ea500000|100%| S|CS|TAMS 0x00000000ea400000, 0x00000000ea400000| Complete 
| 165|0x00000000ea500000, 0x00000000ea600000, 0x00000000ea600000|100%| S|CS|TAMS 0x00000000ea500000, 0x00000000ea500000| Complete 
| 166|0x00000000ea600000, 0x00000000ea700000, 0x00000000ea700000|100%| S|CS|TAMS 0x00000000ea600000, 0x00000000ea600000| Complete 
| 167|0x00000000ea700000, 0x00000000ea800000, 0x00000000ea800000|100%| S|CS|TAMS 0x00000000ea700000, 0x00000000ea700000| Complete 
| 168|0x00000000ea800000, 0x00000000ea800000, 0x00000000ea900000|  0%| F|  |TAMS 0x00000000ea800000, 0x00000000ea800000| Untracked 
| 169|0x00000000ea900000, 0x00000000ea900000, 0x00000000eaa00000|  0%| F|  |TAMS 0x00000000ea900000, 0x00000000ea900000| Untracked 
| 170|0x00000000eaa00000, 0x00000000eaa00000, 0x00000000eab00000|  0%| F|  |TAMS 0x00000000eaa00000, 0x00000000eaa00000| Untracked 
| 171|0x00000000eab00000, 0x00000000eab00000, 0x00000000eac00000|  0%| F|  |TAMS 0x00000000eab00000, 0x00000000eab00000| Untracked 
| 172|0x00000000eac00000, 0x00000000eac00000, 0x00000000ead00000|  0%| F|  |TAMS 0x00000000eac00000, 0x00000000eac00000| Untracked 
| 173|0x00000000ead00000, 0x00000000ead00000, 0x00000000eae00000|  0%| F|  |TAMS 0x00000000ead00000, 0x00000000ead00000| Untracked 
| 174|0x00000000eae00000, 0x00000000eae00000, 0x00000000eaf00000|  0%| F|  |TAMS 0x00000000eae00000, 0x00000000eae00000| Untracked 
| 175|0x00000000eaf00000, 0x00000000eaf00000, 0x00000000eb000000|  0%| F|  |TAMS 0x00000000eaf00000, 0x00000000eaf00000| Untracked 
| 176|0x00000000eb000000, 0x00000000eb000000, 0x00000000eb100000|  0%| F|  |TAMS 0x00000000eb000000, 0x00000000eb000000| Untracked 
| 177|0x00000000eb100000, 0x00000000eb100000, 0x00000000eb200000|  0%| F|  |TAMS 0x00000000eb100000, 0x00000000eb100000| Untracked 
| 178|0x00000000eb200000, 0x00000000eb200000, 0x00000000eb300000|  0%| F|  |TAMS 0x00000000eb200000, 0x00000000eb200000| Untracked 
| 179|0x00000000eb300000, 0x00000000eb300000, 0x00000000eb400000|  0%| F|  |TAMS 0x00000000eb300000, 0x00000000eb300000| Untracked 
| 180|0x00000000eb400000, 0x00000000eb400000, 0x00000000eb500000|  0%| F|  |TAMS 0x00000000eb400000, 0x00000000eb400000| Untracked 
| 181|0x00000000eb500000, 0x00000000eb500000, 0x00000000eb600000|  0%| F|  |TAMS 0x00000000eb500000, 0x00000000eb500000| Untracked 
| 182|0x00000000eb600000, 0x00000000eb600000, 0x00000000eb700000|  0%| F|  |TAMS 0x00000000eb600000, 0x00000000eb600000| Untracked 
| 183|0x00000000eb700000, 0x00000000eb700000, 0x00000000eb800000|  0%| F|  |TAMS 0x00000000eb700000, 0x00000000eb700000| Untracked 
| 184|0x00000000eb800000, 0x00000000eb800000, 0x00000000eb900000|  0%| F|  |TAMS 0x00000000eb800000, 0x00000000eb800000| Untracked 
| 185|0x00000000eb900000, 0x00000000eb900000, 0x00000000eba00000|  0%| F|  |TAMS 0x00000000eb900000, 0x00000000eb900000| Untracked 
| 186|0x00000000eba00000, 0x00000000eba00000, 0x00000000ebb00000|  0%| F|  |TAMS 0x00000000eba00000, 0x00000000eba00000| Untracked 
| 187|0x00000000ebb00000, 0x00000000ebb00000, 0x00000000ebc00000|  0%| F|  |TAMS 0x00000000ebb00000, 0x00000000ebb00000| Untracked 
| 188|0x00000000ebc00000, 0x00000000ebc00000, 0x00000000ebd00000|  0%| F|  |TAMS 0x00000000ebc00000, 0x00000000ebc00000| Untracked 
| 189|0x00000000ebd00000, 0x00000000ebd00000, 0x00000000ebe00000|  0%| F|  |TAMS 0x00000000ebd00000, 0x00000000ebd00000| Untracked 
| 190|0x00000000ebe00000, 0x00000000ebe00000, 0x00000000ebf00000|  0%| F|  |TAMS 0x00000000ebe00000, 0x00000000ebe00000| Untracked 
| 191|0x00000000ebf00000, 0x00000000ebf00000, 0x00000000ec000000|  0%| F|  |TAMS 0x00000000ebf00000, 0x00000000ebf00000| Untracked 
| 192|0x00000000ec000000, 0x00000000ec000000, 0x00000000ec100000|  0%| F|  |TAMS 0x00000000ec000000, 0x00000000ec000000| Untracked 
| 193|0x00000000ec100000, 0x00000000ec100000, 0x00000000ec200000|  0%| F|  |TAMS 0x00000000ec100000, 0x00000000ec100000| Untracked 
| 194|0x00000000ec200000, 0x00000000ec200000, 0x00000000ec300000|  0%| F|  |TAMS 0x00000000ec200000, 0x00000000ec200000| Untracked 
| 195|0x00000000ec300000, 0x00000000ec300000, 0x00000000ec400000|  0%| F|  |TAMS 0x00000000ec300000, 0x00000000ec300000| Untracked 
| 196|0x00000000ec400000, 0x00000000ec400000, 0x00000000ec500000|  0%| F|  |TAMS 0x00000000ec400000, 0x00000000ec400000| Untracked 
| 197|0x00000000ec500000, 0x00000000ec500000, 0x00000000ec600000|  0%| F|  |TAMS 0x00000000ec500000, 0x00000000ec500000| Untracked 
| 198|0x00000000ec600000, 0x00000000ec600000, 0x00000000ec700000|  0%| F|  |TAMS 0x00000000ec600000, 0x00000000ec600000| Untracked 
| 199|0x00000000ec700000, 0x00000000ec700000, 0x00000000ec800000|  0%| F|  |TAMS 0x00000000ec700000, 0x00000000ec700000| Untracked 
| 200|0x00000000ec800000, 0x00000000ec800000, 0x00000000ec900000|  0%| F|  |TAMS 0x00000000ec800000, 0x00000000ec800000| Untracked 
| 201|0x00000000ec900000, 0x00000000ec900000, 0x00000000eca00000|  0%| F|  |TAMS 0x00000000ec900000, 0x00000000ec900000| Untracked 
| 202|0x00000000eca00000, 0x00000000eca00000, 0x00000000ecb00000|  0%| F|  |TAMS 0x00000000eca00000, 0x00000000eca00000| Untracked 
| 203|0x00000000ecb00000, 0x00000000ecb00000, 0x00000000ecc00000|  0%| F|  |TAMS 0x00000000ecb00000, 0x00000000ecb00000| Untracked 
| 204|0x00000000ecc00000, 0x00000000ecc00000, 0x00000000ecd00000|  0%| F|  |TAMS 0x00000000ecc00000, 0x00000000ecc00000| Untracked 
| 205|0x00000000ecd00000, 0x00000000ecd00000, 0x00000000ece00000|  0%| F|  |TAMS 0x00000000ecd00000, 0x00000000ecd00000| Untracked 
| 206|0x00000000ece00000, 0x00000000ece00000, 0x00000000ecf00000|  0%| F|  |TAMS 0x00000000ece00000, 0x00000000ece00000| Untracked 
| 207|0x00000000ecf00000, 0x00000000ecf00000, 0x00000000ed000000|  0%| F|  |TAMS 0x00000000ecf00000, 0x00000000ecf00000| Untracked 
| 208|0x00000000ed000000, 0x00000000ed072cd0, 0x00000000ed100000| 44%| E|  |TAMS 0x00000000ed000000, 0x00000000ed000000| Complete 
| 209|0x00000000ed100000, 0x00000000ed200000, 0x00000000ed200000|100%| E|CS|TAMS 0x00000000ed100000, 0x00000000ed100000| Complete 
| 210|0x00000000ed200000, 0x00000000ed300000, 0x00000000ed300000|100%| E|CS|TAMS 0x00000000ed200000, 0x00000000ed200000| Complete 
| 211|0x00000000ed300000, 0x00000000ed400000, 0x00000000ed400000|100%| E|CS|TAMS 0x00000000ed300000, 0x00000000ed300000| Complete 
| 212|0x00000000ed400000, 0x00000000ed500000, 0x00000000ed500000|100%| E|CS|TAMS 0x00000000ed400000, 0x00000000ed400000| Complete 
| 213|0x00000000ed500000, 0x00000000ed600000, 0x00000000ed600000|100%| E|CS|TAMS 0x00000000ed500000, 0x00000000ed500000| Complete 
| 214|0x00000000ed600000, 0x00000000ed700000, 0x00000000ed700000|100%| E|CS|TAMS 0x00000000ed600000, 0x00000000ed600000| Complete 
| 215|0x00000000ed700000, 0x00000000ed800000, 0x00000000ed800000|100%| E|CS|TAMS 0x00000000ed700000, 0x00000000ed700000| Complete 
| 216|0x00000000ed800000, 0x00000000ed900000, 0x00000000ed900000|100%| E|CS|TAMS 0x00000000ed800000, 0x00000000ed800000| Complete 
| 217|0x00000000ed900000, 0x00000000eda00000, 0x00000000eda00000|100%| E|CS|TAMS 0x00000000ed900000, 0x00000000ed900000| Complete 
| 218|0x00000000eda00000, 0x00000000edb00000, 0x00000000edb00000|100%| E|CS|TAMS 0x00000000eda00000, 0x00000000eda00000| Complete 
| 219|0x00000000edb00000, 0x00000000edc00000, 0x00000000edc00000|100%| E|CS|TAMS 0x00000000edb00000, 0x00000000edb00000| Complete 
| 220|0x00000000edc00000, 0x00000000edd00000, 0x00000000edd00000|100%| E|CS|TAMS 0x00000000edc00000, 0x00000000edc00000| Complete 
| 221|0x00000000edd00000, 0x00000000ede00000, 0x00000000ede00000|100%| E|CS|TAMS 0x00000000edd00000, 0x00000000edd00000| Complete 
| 222|0x00000000ede00000, 0x00000000edf00000, 0x00000000edf00000|100%| E|CS|TAMS 0x00000000ede00000, 0x00000000ede00000| Complete 
| 223|0x00000000edf00000, 0x00000000ee000000, 0x00000000ee000000|100%| E|CS|TAMS 0x00000000edf00000, 0x00000000edf00000| Complete 
| 224|0x00000000ee000000, 0x00000000ee100000, 0x00000000ee100000|100%| E|CS|TAMS 0x00000000ee000000, 0x00000000ee000000| Complete 
| 225|0x00000000ee100000, 0x00000000ee200000, 0x00000000ee200000|100%| E|CS|TAMS 0x00000000ee100000, 0x00000000ee100000| Complete 
| 226|0x00000000ee200000, 0x00000000ee300000, 0x00000000ee300000|100%| E|CS|TAMS 0x00000000ee200000, 0x00000000ee200000| Complete 
| 227|0x00000000ee300000, 0x00000000ee400000, 0x00000000ee400000|100%| E|CS|TAMS 0x00000000ee300000, 0x00000000ee300000| Complete 
| 228|0x00000000ee400000, 0x00000000ee500000, 0x00000000ee500000|100%| E|CS|TAMS 0x00000000ee400000, 0x00000000ee400000| Complete 
| 229|0x00000000ee500000, 0x00000000ee600000, 0x00000000ee600000|100%| E|CS|TAMS 0x00000000ee500000, 0x00000000ee500000| Complete 
| 230|0x00000000ee600000, 0x00000000ee700000, 0x00000000ee700000|100%| E|CS|TAMS 0x00000000ee600000, 0x00000000ee600000| Complete 
| 231|0x00000000ee700000, 0x00000000ee800000, 0x00000000ee800000|100%| E|CS|TAMS 0x00000000ee700000, 0x00000000ee700000| Complete 
| 232|0x00000000ee800000, 0x00000000ee900000, 0x00000000ee900000|100%| E|CS|TAMS 0x00000000ee800000, 0x00000000ee800000| Complete 
| 233|0x00000000ee900000, 0x00000000eea00000, 0x00000000eea00000|100%| E|CS|TAMS 0x00000000ee900000, 0x00000000ee900000| Complete 
| 234|0x00000000eea00000, 0x00000000eeb00000, 0x00000000eeb00000|100%| E|CS|TAMS 0x00000000eea00000, 0x00000000eea00000| Complete 
| 235|0x00000000eeb00000, 0x00000000eec00000, 0x00000000eec00000|100%| E|CS|TAMS 0x00000000eeb00000, 0x00000000eeb00000| Complete 
| 236|0x00000000eec00000, 0x00000000eed00000, 0x00000000eed00000|100%| E|CS|TAMS 0x00000000eec00000, 0x00000000eec00000| Complete 
| 237|0x00000000eed00000, 0x00000000eee00000, 0x00000000eee00000|100%| E|CS|TAMS 0x00000000eed00000, 0x00000000eed00000| Complete 
| 238|0x00000000eee00000, 0x00000000eef00000, 0x00000000eef00000|100%| E|CS|TAMS 0x00000000eee00000, 0x00000000eee00000| Complete 
| 239|0x00000000eef00000, 0x00000000ef000000, 0x00000000ef000000|100%| E|CS|TAMS 0x00000000eef00000, 0x00000000eef00000| Complete 
| 240|0x00000000ef000000, 0x00000000ef100000, 0x00000000ef100000|100%| E|CS|TAMS 0x00000000ef000000, 0x00000000ef000000| Complete 
| 241|0x00000000ef100000, 0x00000000ef200000, 0x00000000ef200000|100%| E|CS|TAMS 0x00000000ef100000, 0x00000000ef100000| Complete 
| 242|0x00000000ef200000, 0x00000000ef300000, 0x00000000ef300000|100%| E|CS|TAMS 0x00000000ef200000, 0x00000000ef200000| Complete 
| 243|0x00000000ef300000, 0x00000000ef400000, 0x00000000ef400000|100%| E|CS|TAMS 0x00000000ef300000, 0x00000000ef300000| Complete 
| 244|0x00000000ef400000, 0x00000000ef500000, 0x00000000ef500000|100%| E|CS|TAMS 0x00000000ef400000, 0x00000000ef400000| Complete 
| 245|0x00000000ef500000, 0x00000000ef600000, 0x00000000ef600000|100%| E|CS|TAMS 0x00000000ef500000, 0x00000000ef500000| Complete 
| 246|0x00000000ef600000, 0x00000000ef700000, 0x00000000ef700000|100%| E|CS|TAMS 0x00000000ef600000, 0x00000000ef600000| Complete 
| 247|0x00000000ef700000, 0x00000000ef800000, 0x00000000ef800000|100%| E|CS|TAMS 0x00000000ef700000, 0x00000000ef700000| Complete 
| 248|0x00000000ef800000, 0x00000000ef900000, 0x00000000ef900000|100%| E|CS|TAMS 0x00000000ef800000, 0x00000000ef800000| Complete 
| 249|0x00000000ef900000, 0x00000000efa00000, 0x00000000efa00000|100%| E|CS|TAMS 0x00000000ef900000, 0x00000000ef900000| Complete 
| 250|0x00000000efa00000, 0x00000000efb00000, 0x00000000efb00000|100%| E|CS|TAMS 0x00000000efa00000, 0x00000000efa00000| Complete 
| 251|0x00000000efb00000, 0x00000000efc00000, 0x00000000efc00000|100%| E|CS|TAMS 0x00000000efb00000, 0x00000000efb00000| Complete 
| 252|0x00000000efc00000, 0x00000000efd00000, 0x00000000efd00000|100%| E|CS|TAMS 0x00000000efc00000, 0x00000000efc00000| Complete 
| 253|0x00000000efd00000, 0x00000000efe00000, 0x00000000efe00000|100%| E|CS|TAMS 0x00000000efd00000, 0x00000000efd00000| Complete 
| 254|0x00000000efe00000, 0x00000000eff00000, 0x00000000eff00000|100%| E|CS|TAMS 0x00000000efe00000, 0x00000000efe00000| Complete 
| 255|0x00000000eff00000, 0x00000000f0000000, 0x00000000f0000000|100%| E|CS|TAMS 0x00000000eff00000, 0x00000000eff00000| Complete 

Card table byte_map: [0x000001a5c40d0000,0x000001a5c41d0000] _byte_map_base: 0x000001a5c39d0000

Marking Bits (Prev, Next): (CMBitMap*) 0x000001a5ac5e6750, (CMBitMap*) 0x000001a5ac5e6718
 Prev Bits: [0x000001a5c4ad0000, 0x000001a5c52d0000)
 Next Bits: [0x000001a5c42d0000, 0x000001a5c4ad0000)

Polling page: 0x000001a5abd90000

Metaspace:

Usage:
  Non-class:     23.25 MB capacity,    22.87 MB ( 98%) used,   343.79 KB (  1%) free+waste,    44.31 KB ( <1%) overhead. 
      Class:      3.58 MB capacity,     3.39 MB ( 95%) used,   168.34 KB (  5%) free+waste,    21.56 KB ( <1%) overhead. 
       Both:     26.83 MB capacity,    26.27 MB ( 98%) used,   512.13 KB (  2%) free+waste,    65.88 KB ( <1%) overhead. 

Virtual space:
  Non-class space:       24.00 MB reserved,      23.42 MB ( 98%) committed 
      Class space:      248.00 MB reserved,       3.63 MB (  1%) committed 
             Both:      272.00 MB reserved,      27.05 MB ( 10%) committed 

Chunk freelists:
   Non-Class:  44.00 KB
       Class:  16.00 KB
        Both:  60.00 KB

MaxMetaspaceSize: 256.00 MB
CompressedClassSpaceSize: 248.00 MB

CodeHeap 'non-profiled nmethods': size=120000Kb used=858Kb max_used=858Kb free=119141Kb
 bounds [0x000001a5bc770000, 0x000001a5bc9e0000, 0x000001a5c3ca0000]
CodeHeap 'profiled nmethods': size=120000Kb used=4012Kb max_used=4012Kb free=115987Kb
 bounds [0x000001a5b5240000, 0x000001a5b5630000, 0x000001a5bc770000]
CodeHeap 'non-nmethods': size=5760Kb used=1147Kb max_used=1180Kb free=4612Kb
 bounds [0x000001a5b4ca0000, 0x000001a5b4f10000, 0x000001a5b5240000]
 total_blobs=2435 nmethods=1952 adapters=394
 compilation: enabled
              stopped_count=0, restarted_count=0
 full_count=0

Compilation events (20 events):
Event: 3.940 Thread 0x000001a5c86ad800 2174       1       org.objectweb.asm.MethodWriter::hasAsmInstructions (5 bytes)
Event: 3.940 Thread 0x000001a5c86ad800 nmethod 2174 0x000001a5bc845e10 code [0x000001a5bc845fc0, 0x000001a5bc846078]
Event: 3.940 Thread 0x000001a5c86ad800 2173       3       org.objectweb.asm.MethodWriter::visitVarInsn (302 bytes)
Event: 3.941 Thread 0x000001a5c86ad800 nmethod 2173 0x000001a5b5629210 code [0x000001a5b5629480, 0x000001a5b5629e88]
Event: 3.941 Thread 0x000001a5c86ad800 2152   !   3       sun.reflect.annotation.AnnotationParser::parseAnnotations (37 bytes)
Event: 3.941 Thread 0x000001a5c86ad800 nmethod 2152 0x000001a5b562a110 code [0x000001a5b562a300, 0x000001a5b562a608]
Event: 3.941 Thread 0x000001a5c86ad800 2172       1       org.objectweb.asm.SymbolTable::getClassName (5 bytes)
Event: 3.941 Thread 0x000001a5c86ad800 nmethod 2172 0x000001a5bc846110 code [0x000001a5bc8462c0, 0x000001a5bc846378]
Event: 3.958 Thread 0x000001a5c86ad800 2175       3       com.google.common.base.MoreObjects::firstNonNull (22 bytes)
Event: 3.959 Thread 0x000001a5c86ad800 nmethod 2175 0x000001a5b562a790 code [0x000001a5b562a960, 0x000001a5b562ab88]
Event: 3.959 Thread 0x000001a5c86ad800 2176       3       com.google.common.cache.LocalCache::discardingQueue (4 bytes)
Event: 3.959 Thread 0x000001a5c86ad800 nmethod 2176 0x000001a5b562ac90 code [0x000001a5b562ae40, 0x000001a5b562af38]
Event: 3.961 Thread 0x000001a5c86ad800 2177       3       java.lang.StringBuilder::append (8 bytes)
Event: 3.962 Thread 0x000001a5c86ad800 nmethod 2177 0x000001a5b562b010 code [0x000001a5b562b1c0, 0x000001a5b562b308]
Event: 3.962 Thread 0x000001a5c86ad800 2179       3       org.objectweb.asm.Frame::getLocal (46 bytes)
Event: 3.962 Thread 0x000001a5c86ad800 nmethod 2179 0x000001a5b562b390 code [0x000001a5b562b540, 0x000001a5b562b738]
Event: 3.962 Thread 0x000001a5c86ad800 2178       3       java.lang.AbstractStringBuilder::append (54 bytes)
Event: 3.962 Thread 0x000001a5c86ad800 nmethod 2178 0x000001a5b562b810 code [0x000001a5b562ba40, 0x000001a5b562c308]
Event: 3.962 Thread 0x000001a5c86ad800 2180       3       com.google.common.cache.LocalCache::usesAccessQueue (20 bytes)
Event: 3.962 Thread 0x000001a5c86ad800 nmethod 2180 0x000001a5b562c490 code [0x000001a5b562c660, 0x000001a5b562c998]

GC Heap History (4 events):
Event: 1.031 GC heap before
{Heap before GC invocations=0 (full 0):
 garbage-first heap   total 262144K, used 29696K [0x00000000e0000000, 0x0000000100000000)
  region size 1024K, 24 young (24576K), 0 survivors (0K)
 Metaspace       used 10397K, capacity 10633K, committed 10752K, reserved 264192K
  class space    used 1096K, capacity 1163K, committed 1280K, reserved 253952K
}
Event: 1.041 GC heap after
{Heap after GC invocations=1 (full 0):
 garbage-first heap   total 262144K, used 8604K [0x00000000e0000000, 0x0000000100000000)
  region size 1024K, 3 young (3072K), 3 survivors (3072K)
 Metaspace       used 10397K, capacity 10633K, committed 10752K, reserved 264192K
  class space    used 1096K, capacity 1163K, committed 1280K, reserved 253952K
}
Event: 3.048 GC heap before
{Heap before GC invocations=1 (full 0):
 garbage-first heap   total 262144K, used 93596K [0x00000000e0000000, 0x0000000100000000)
  region size 1024K, 88 young (90112K), 3 survivors (3072K)
 Metaspace       used 20837K, capacity 21211K, committed 21296K, reserved 274432K
  class space    used 2522K, capacity 2657K, committed 2688K, reserved 253952K
}
Event: 3.062 GC heap after
{Heap after GC invocations=2 (full 0):
 garbage-first heap   total 262144K, used 16356K [0x00000000e0000000, 0x0000000100000000)
  region size 1024K, 11 young (11264K), 11 survivors (11264K)
 Metaspace       used 20837K, capacity 21211K, committed 21296K, reserved 274432K
  class space    used 2522K, capacity 2657K, committed 2688K, reserved 253952K
}

Deoptimization events (20 events):
Event: 3.272 Thread 0x000001a5c998d000 Uncommon trap: trap_request=0xffffff4d fr.pc=0x000001a5bc7c94d4 relative=0x0000000000000094
Event: 3.272 Thread 0x000001a5c998d000 Uncommon trap: reason=unstable_if action=reinterpret pc=0x000001a5bc7c94d4 method=java.util.LinkedHashMap.afterNodeInsertion(Z)V @ 1 c2
Event: 3.272 Thread 0x000001a5c998d000 DEOPT PACKING pc=0x000001a5bc7c94d4 sp=0x0000000a58dfa6f0
Event: 3.272 Thread 0x000001a5c998d000 DEOPT UNPACKING pc=0x000001a5b4cc74af sp=0x0000000a58dfa670 mode 2
Event: 3.273 Thread 0x000001a5c998d000 Uncommon trap: trap_request=0xffffffc6 fr.pc=0x000001a5bc7c7b50 relative=0x0000000000000d90
Event: 3.273 Thread 0x000001a5c998d000 Uncommon trap: reason=bimorphic_or_optimized_type_check action=maybe_recompile pc=0x000001a5bc7c7b50 method=java.util.HashMap.putVal(ILjava/lang/Object;Ljava/lang/Object;ZZ)Ljava/lang/Object; @ 203 c2
Event: 3.273 Thread 0x000001a5c998d000 DEOPT PACKING pc=0x000001a5bc7c7b50 sp=0x0000000a58df8490
Event: 3.273 Thread 0x000001a5c998d000 DEOPT UNPACKING pc=0x000001a5b4cc74af sp=0x0000000a58df8460 mode 2
Event: 3.277 Thread 0x000001a5c998d000 Uncommon trap: trap_request=0xffffff4d fr.pc=0x000001a5bc7b877c relative=0x000000000000023c
Event: 3.277 Thread 0x000001a5c998d000 Uncommon trap: reason=unstable_if action=reinterpret pc=0x000001a5bc7b877c method=java.util.concurrent.ConcurrentHashMap.get(Ljava/lang/Object;)Ljava/lang/Object; @ 76 c2
Event: 3.277 Thread 0x000001a5c998d000 DEOPT PACKING pc=0x000001a5bc7b877c sp=0x0000000a58df86f0
Event: 3.277 Thread 0x000001a5c998d000 DEOPT UNPACKING pc=0x000001a5b4cc74af sp=0x0000000a58df8658 mode 2
Event: 3.765 Thread 0x000001a5c998d000 Uncommon trap: trap_request=0xffffff4d fr.pc=0x000001a5bc7a1258 relative=0x0000000000000218
Event: 3.765 Thread 0x000001a5c998d000 Uncommon trap: reason=unstable_if action=reinterpret pc=0x000001a5bc7a1258 method=java.util.HashMap.hash(Ljava/lang/Object;)I @ 1 c2
Event: 3.765 Thread 0x000001a5c998d000 DEOPT PACKING pc=0x000001a5bc7a1258 sp=0x0000000a58df8d20
Event: 3.765 Thread 0x000001a5c998d000 DEOPT UNPACKING pc=0x000001a5b4cc74af sp=0x0000000a58df8c58 mode 2
Event: 3.889 Thread 0x000001a5c998d000 Uncommon trap: trap_request=0xffffff4d fr.pc=0x000001a5bc7c2088 relative=0x0000000000000a48
Event: 3.889 Thread 0x000001a5c998d000 Uncommon trap: reason=unstable_if action=reinterpret pc=0x000001a5bc7c2088 method=java.io.WinNTFileSystem.resolve(Ljava/lang/String;Ljava/lang/String;)Ljava/lang/String; @ 83 c2
Event: 3.889 Thread 0x000001a5c998d000 DEOPT PACKING pc=0x000001a5bc7c2088 sp=0x0000000a58dfa2c0
Event: 3.889 Thread 0x000001a5c998d000 DEOPT UNPACKING pc=0x000001a5b4cc74af sp=0x0000000a58dfa268 mode 2

Classes redefined (0 events):
No events

Internal exceptions (20 events):
Event: 2.493 Thread 0x000001a5ca7a1800 Exception <a 'java/lang/NoSuchMethodError'{0x00000000eca28c28}: <clinit>> (0x00000000eca28c28) thrown at [./src/hotspot/share/prims/jni.cpp, line 1362]
Event: 2.497 Thread 0x000001a5ca7a1800 Exception <a 'java/lang/NoSuchMethodError'{0x00000000eca38488}: <clinit>> (0x00000000eca38488) thrown at [./src/hotspot/share/prims/jni.cpp, line 1362]
Event: 2.512 Thread 0x000001a5ca7a1800 Exception <a 'java/lang/NoSuchMethodError'{0x00000000eca7bac8}: <clinit>> (0x00000000eca7bac8) thrown at [./src/hotspot/share/prims/jni.cpp, line 1362]
Event: 2.519 Thread 0x000001a5ca7a1800 Exception <a 'java/lang/NoSuchMethodError'{0x00000000ecab5b80}: <clinit>> (0x00000000ecab5b80) thrown at [./src/hotspot/share/prims/jni.cpp, line 1362]
Event: 2.527 Thread 0x000001a5ca7a1800 Exception <a 'java/lang/NoSuchMethodError'{0x00000000ecae75c0}: <clinit>> (0x00000000ecae75c0) thrown at [./src/hotspot/share/prims/jni.cpp, line 1362]
Event: 2.528 Thread 0x000001a5ca7a1800 Exception <a 'java/lang/NoSuchMethodError'{0x00000000ecaf1ec8}: <clinit>> (0x00000000ecaf1ec8) thrown at [./src/hotspot/share/prims/jni.cpp, line 1362]
Event: 2.611 Thread 0x000001a5c998d000 Exception <a 'java/lang/NoSuchMethodError'{0x00000000ec6332f0}: 'void java.lang.invoke.DelegatingMethodHandle$Holder.reinvoke_L(java.lang.Object, java.lang.Object, java.lang.Object, java.lang.Object)'> (0x00000000ec6332f0) thrown at [./src/hotspot/share/interpreter/linkResolver.cpp, line 773]
Event: 2.620 Thread 0x000001a5c998d000 Exception <a 'java/lang/NoSuchMethodError'{0x00000000ec6699d0}: 'long java.lang.invoke.DirectMethodHandle$Holder.invokeInterface(java.lang.Object, java.lang.Object)'> (0x00000000ec6699d0) thrown at [./src/hotspot/share/interpreter/linkResolver.cpp, line 773]
Event: 2.623 Thread 0x000001a5c998d000 Exception <a 'java/lang/NoSuchMethodError'{0x00000000ec68a120}: 'void java.lang.invoke.DelegatingMethodHandle$Holder.reinvoke_L(java.lang.Object, java.lang.Object, java.lang.Object, java.lang.Object, java.lang.Object, java.lang.Object, java.lang.Object)'> (0x00000000ec68a120) thrown at [./src/hotspot/share/interpreter/linkResolver.cpp, line 773]
Event: 2.740 Thread 0x000001a5c998d000 Exception <a 'java/lang/NoSuchMethodError'{0x00000000ebe07050}: 'java.lang.Object java.lang.invoke.DirectMethodHandle$Holder.invokeVirtual(java.lang.Object, java.lang.Object, java.lang.Object)'> (0x00000000ebe07050) thrown at [./src/hotspot/share/interpreter/linkResolver.cpp, line 773]
Event: 2.826 Thread 0x000001a5c998d000 Exception <a 'java/lang/NoSuchMethodError'{0x00000000eb988898}: 'void java.lang.invoke.DirectMethodHandle$Holder.invokeStaticInit(java.lang.Object)'> (0x00000000eb988898) thrown at [./src/hotspot/share/interpreter/linkResolver.cpp, line 773]
Event: 3.024 Thread 0x000001a5c998d000 Exception <a 'java/lang/NoSuchMethodError'{0x00000000eaa54c88}: 'java.lang.Object java.lang.invoke.DirectMethodHandle$Holder.invokeVirtual(java.lang.Object, java.lang.Object, java.lang.Object, java.lang.Object)'> (0x00000000eaa54c88) thrown at [./src/hotspot/share/interpreter/linkResolver.cpp, line 773]
Event: 3.145 Thread 0x000001a5c998d000 Exception <a 'java/lang/NoSuchMethodError'{0x00000000efd39918}: 'int java.lang.invoke.DirectMethodHandle$Holder.invokeSpecialIFC(java.lang.Object, java.lang.Object, java.lang.Object, java.lang.Object)'> (0x00000000efd39918) thrown at [./src/hotspot/share/interpreter/linkResolver.cpp, line 773]
Event: 3.146 Thread 0x000001a5c998d000 Exception <a 'java/lang/NoSuchMethodError'{0x00000000efd47a80}: 'java.lang.Object java.lang.invoke.DirectMethodHandle$Holder.invokeInterface(java.lang.Object, java.lang.Object, java.lang.Object)'> (0x00000000efd47a80) thrown at [./src/hotspot/share/interpreter/linkResolver.cpp, line 773]
Event: 3.147 Thread 0x000001a5c998d000 Exception <a 'java/lang/IncompatibleClassChangeError'{0x00000000efd4b200}: Found class java.lang.Object, but interface was expected> (0x00000000efd4b200) thrown at [./src/hotspot/share/interpreter/linkResolver.cpp, line 839]
Event: 3.307 Thread 0x000001a5c998d000 Exception <a 'java/lang/NoSuchMethodError'{0x00000000ef5d0f58}: 'void java.lang.invoke.DirectMethodHandle$Holder.invokeSpecial(java.lang.Object, java.lang.Object, java.lang.Object, java.lang.Object, java.lang.Object, java.lang.Object)'> (0x00000000ef5d0f58) thrown at [./src/hotspot/share/interpreter/linkResolver.cpp, line 773]
Event: 3.422 Thread 0x000001a5c998d000 Exception <a 'java/lang/NoSuchMethodError'{0x00000000eefb4d98}: 'java.lang.Object java.lang.invoke.Invokers$Holder.invoker(java.lang.Object, java.lang.Object, java.lang.Object)'> (0x00000000eefb4d98) thrown at [./src/hotspot/share/interpreter/linkResolver.cpp, line 773]
Event: 3.452 Thread 0x000001a5c998d000 Exception <a 'java/lang/NoSuchMethodError'{0x00000000eeeb9558}: 'void java.lang.invoke.DirectMethodHandle$Holder.invokeSpecial(java.lang.Object, java.lang.Object, java.lang.Object, java.lang.Object, java.lang.Object, java.lang.Object, java.lang.Object)'> (0x00000000eeeb9558) thrown at [./src/hotspot/share/interpreter/linkResolver.cpp, line 773]
Event: 3.453 Thread 0x000001a5c998d000 Exception <a 'java/lang/NoSuchMethodError'{0x00000000eeec17a0}: 'java.lang.Object java.lang.invoke.Invokers$Holder.linkToTargetMethod(java.lang.Object, java.lang.Object, java.lang.Object, java.lang.Object, java.lang.Object, java.lang.Object)'> (0x00000000eeec17a0) thrown at [./src/hotspot/share/interpreter/linkResolver.cpp, line 773]
Event: 3.765 Thread 0x000001a5c998d000 Implicit null exception at 0x000001a5bc7a1075 to 0x000001a5bc7a1248

Events (20 events):
Event: 3.956 loading class org/gradle/internal/resolve/caching/ComponentMetadataRuleExecutor$2 done
Event: 3.957 loading class org/gradle/internal/resolve/caching/ComponentMetadataRuleExecutor$1
Event: 3.957 loading class org/gradle/internal/resolve/caching/ComponentMetadataRuleExecutor$1 done
Event: 3.958 Thread 0x000001a5c9d21000 Thread added: 0x000001a5c9d21000
Event: 3.961 loading class org/gradle/api/attributes/Category
Event: 3.961 loading class org/gradle/api/attributes/Category done
Event: 3.962 loading class org/gradle/api/internal/artifacts/ComponentMetadataProcessor
Event: 3.962 loading class org/gradle/api/internal/artifacts/ComponentMetadataProcessor done
Event: 3.963 loading class org/gradle/internal/rules/RuleActionValidator
Event: 3.963 loading class org/gradle/internal/rules/RuleActionValidator done
Event: 3.963 loading class org/gradle/internal/rules/RuleActionAdapter
Event: 3.963 loading class org/gradle/internal/rules/RuleActionAdapter done
Event: 3.964 loading class org/gradle/internal/rules/SpecRuleAction
Event: 3.964 loading class org/gradle/internal/rules/SpecRuleAction done
Event: 3.964 loading class org/gradle/internal/action/ConfigurableRule
Event: 3.964 loading class org/gradle/internal/action/ConfigurableRule done
Event: 3.964 loading class org/gradle/api/internal/artifacts/dsl/SpecConfigurableRule
Event: 3.964 loading class org/gradle/api/internal/artifacts/dsl/SpecConfigurableRule done
Event: 3.965 loading class org/gradle/internal/rules/RuleAction
Event: 3.965 loading class org/gradle/internal/rules/RuleAction done


Dynamic libraries:
0x00007ff70d660000 - 0x00007ff70d66d000 	C:\Users\gauta\AppData\Local\Programs\AdoptOpenJDK\jdk-11.0.9.11-hotspot\bin\java.exe
0x00007ffc8a240000 - 0x00007ffc8a430000 	C:\WINDOWS\SYSTEM32\ntdll.dll
0x00007ffc88e40000 - 0x00007ffc88ef2000 	C:\WINDOWS\System32\KERNEL32.DLL
0x00007ffc87e70000 - 0x00007ffc88115000 	C:\WINDOWS\System32\KERNELBASE.dll
0x00007ffc87350000 - 0x00007ffc8744a000 	C:\WINDOWS\System32\ucrtbase.dll
0x00007ffc81cc0000 - 0x00007ffc81cd5000 	C:\Users\gauta\AppData\Local\Programs\AdoptOpenJDK\jdk-11.0.9.11-hotspot\bin\VCRUNTIME140.dll
0x00007ffc77790000 - 0x00007ffc777a7000 	C:\Users\gauta\AppData\Local\Programs\AdoptOpenJDK\jdk-11.0.9.11-hotspot\bin\jli.dll
0x00007ffc88300000 - 0x00007ffc88494000 	C:\WINDOWS\System32\USER32.dll
0x00007ffc6ef60000 - 0x00007ffc6f1e4000 	C:\WINDOWS\WinSxS\amd64_microsoft.windows.common-controls_6595b64144ccf1df_6.0.18362.1500_none_9e79be6de462295c\COMCTL32.dll
0x00007ffc882c0000 - 0x00007ffc882e1000 	C:\WINDOWS\System32\win32u.dll
0x00007ffc8a0b0000 - 0x00007ffc8a14e000 	C:\WINDOWS\System32\msvcrt.dll
0x00007ffc89060000 - 0x00007ffc89086000 	C:\WINDOWS\System32\GDI32.dll
0x00007ffc871b0000 - 0x00007ffc87348000 	C:\WINDOWS\System32\gdi32full.dll
0x00007ffc89090000 - 0x00007ffc893c6000 	C:\WINDOWS\System32\combase.dll
0x00007ffc88220000 - 0x00007ffc882be000 	C:\WINDOWS\System32\msvcp_win.dll
0x00007ffc88520000 - 0x00007ffc8863f000 	C:\WINDOWS\System32\RPCRT4.dll
0x00007ffc87de0000 - 0x00007ffc87e61000 	C:\WINDOWS\System32\bcryptPrimitives.dll
0x00007ffc88f00000 - 0x00007ffc88f2e000 	C:\WINDOWS\System32\IMM32.DLL
0x00007ffc691b0000 - 0x00007ffc6924b000 	C:\Users\gauta\AppData\Local\Programs\AdoptOpenJDK\jdk-11.0.9.11-hotspot\bin\msvcp140.dll
0x00007ffc4fe90000 - 0x00007ffc509d3000 	C:\Users\gauta\AppData\Local\Programs\AdoptOpenJDK\jdk-11.0.9.11-hotspot\bin\server\jvm.dll
0x00007ffc88790000 - 0x00007ffc88833000 	C:\WINDOWS\System32\ADVAPI32.dll
0x00007ffc88f30000 - 0x00007ffc88fc7000 	C:\WINDOWS\System32\sechost.dll
0x00007ffc88fd0000 - 0x00007ffc88fd8000 	C:\WINDOWS\System32\PSAPI.DLL
0x00007ffc75840000 - 0x00007ffc75849000 	C:\WINDOWS\SYSTEM32\WSOCK32.dll
0x00007ffc82ef0000 - 0x00007ffc82f14000 	C:\WINDOWS\SYSTEM32\WINMM.dll
0x00007ffc89740000 - 0x00007ffc897af000 	C:\WINDOWS\System32\WS2_32.dll
0x00007ffc813c0000 - 0x00007ffc813ca000 	C:\WINDOWS\SYSTEM32\VERSION.dll
0x00007ffc82e60000 - 0x00007ffc82e8d000 	C:\WINDOWS\SYSTEM32\WINMMBASE.dll
0x00007ffc87d90000 - 0x00007ffc87dda000 	C:\WINDOWS\System32\cfgmgr32.dll
0x00007ffc87100000 - 0x00007ffc87111000 	C:\WINDOWS\System32\kernel.appcore.dll
0x00007ffc82160000 - 0x00007ffc82170000 	C:\Users\gauta\AppData\Local\Programs\AdoptOpenJDK\jdk-11.0.9.11-hotspot\bin\verify.dll
0x00007ffc84d70000 - 0x00007ffc84f64000 	C:\WINDOWS\SYSTEM32\DBGHELP.DLL
0x00007ffc73690000 - 0x00007ffc736ba000 	C:\WINDOWS\SYSTEM32\dbgcore.DLL
0x00007ffc77470000 - 0x00007ffc77498000 	C:\Users\gauta\AppData\Local\Programs\AdoptOpenJDK\jdk-11.0.9.11-hotspot\bin\java.dll
0x00007ffc82130000 - 0x00007ffc8213a000 	C:\Users\gauta\AppData\Local\Programs\AdoptOpenJDK\jdk-11.0.9.11-hotspot\bin\jimage.dll
0x00007ffc77450000 - 0x00007ffc77467000 	C:\Users\gauta\AppData\Local\Programs\AdoptOpenJDK\jdk-11.0.9.11-hotspot\bin\zip.dll
0x00007ffc89880000 - 0x00007ffc89f68000 	C:\WINDOWS\System32\SHELL32.dll
0x00007ffc8a150000 - 0x00007ffc8a1f7000 	C:\WINDOWS\System32\shcore.dll
0x00007ffc87450000 - 0x00007ffc87bcb000 	C:\WINDOWS\System32\windows.storage.dll
0x00007ffc87120000 - 0x00007ffc8713e000 	C:\WINDOWS\System32\profapi.dll
0x00007ffc87160000 - 0x00007ffc871aa000 	C:\WINDOWS\System32\powrprof.dll
0x00007ffc870f0000 - 0x00007ffc87100000 	C:\WINDOWS\System32\UMPDC.dll
0x00007ffc88640000 - 0x00007ffc88692000 	C:\WINDOWS\System32\shlwapi.dll
0x00007ffc88120000 - 0x00007ffc88137000 	C:\WINDOWS\System32\cryptsp.dll
0x00007ffc77430000 - 0x00007ffc77449000 	C:\Users\gauta\AppData\Local\Programs\AdoptOpenJDK\jdk-11.0.9.11-hotspot\bin\net.dll
0x00007ffc777b0000 - 0x00007ffc778aa000 	C:\WINDOWS\SYSTEM32\WINHTTP.dll
0x00007ffc86930000 - 0x00007ffc86997000 	C:\WINDOWS\system32\mswsock.dll
0x00007ffc744a0000 - 0x00007ffc744b2000 	C:\Users\gauta\AppData\Local\Programs\AdoptOpenJDK\jdk-11.0.9.11-hotspot\bin\nio.dll
0x00007ffc81ce0000 - 0x00007ffc81d06000 	C:\Users\gauta\.gradle\native\31\windows-amd64\native-platform.dll
0x00007ffc7e900000 - 0x00007ffc7e909000 	C:\Users\gauta\AppData\Local\Programs\AdoptOpenJDK\jdk-11.0.9.11-hotspot\bin\management.dll
0x00007ffc776f0000 - 0x00007ffc776fb000 	C:\Users\gauta\AppData\Local\Programs\AdoptOpenJDK\jdk-11.0.9.11-hotspot\bin\management_ext.dll
0x00007ffc864b0000 - 0x00007ffc864e3000 	C:\WINDOWS\system32\rsaenh.dll
0x00007ffc881f0000 - 0x00007ffc88216000 	C:\WINDOWS\System32\bcrypt.dll
0x00007ffc86fe0000 - 0x00007ffc87005000 	C:\WINDOWS\SYSTEM32\USERENV.dll
0x00007ffc86b00000 - 0x00007ffc86b0c000 	C:\WINDOWS\SYSTEM32\CRYPTBASE.dll
0x00007ffc86640000 - 0x00007ffc8667a000 	C:\WINDOWS\SYSTEM32\IPHLPAPI.DLL
0x00007ffc88960000 - 0x00007ffc88968000 	C:\WINDOWS\System32\NSI.dll
0x00007ffc7d680000 - 0x00007ffc7d696000 	C:\WINDOWS\SYSTEM32\dhcpcsvc6.DLL
0x00007ffc7db30000 - 0x00007ffc7db4c000 	C:\WINDOWS\SYSTEM32\dhcpcsvc.DLL
0x00007ffc86680000 - 0x00007ffc8674b000 	C:\WINDOWS\SYSTEM32\DNSAPI.dll

dbghelp: loaded successfully - version: 4.0.5 - missing functions: none
symbol engine: initialized successfully - sym options: 0x614 - pdb path: .;C:\Users\gauta\AppData\Local\Programs\AdoptOpenJDK\jdk-11.0.9.11-hotspot\bin;C:\WINDOWS\SYSTEM32;C:\WINDOWS\WinSxS\amd64_microsoft.windows.common-controls_6595b64144ccf1df_6.0.18362.1500_none_9e79be6de462295c;C:\Users\gauta\AppData\Local\Programs\AdoptOpenJDK\jdk-11.0.9.11-hotspot\bin\server;C:\Users\gauta\.gradle\native\31\windows-amd64

VM Arguments:
jvm_args: --add-opens=java.base/java.util=ALL-UNNAMED --add-opens=java.base/java.lang=ALL-UNNAMED --add-opens=java.base/java.lang.invoke=ALL-UNNAMED --add-opens=java.prefs/java.util.prefs=ALL-UNNAMED -XX:MaxMetaspaceSize=256m -XX:+HeapDumpOnOutOfMemoryError -Xms256m -Xmx512m -Dfile.encoding=windows-1252 -Duser.country=US -Duser.language=en -Duser.variant 
java_command: org.gradle.launcher.daemon.bootstrap.GradleDaemon 6.1.1
java_class_path (initial): C:\Users\gauta\.gradle\wrapper\dists\gradle-6.1.1-bin\4i3ntwqiazourd86epxcz427c\gradle-6.1.1\lib\gradle-launcher-6.1.1.jar
Launcher Type: SUN_STANDARD

[Global flags]
     intx CICompilerCount                          = 4                                         {product} {ergonomic}
   size_t CompressedClassSpaceSize                 = 260046848                                 {product} {ergonomic}
     uint ConcGCThreads                            = 2                                         {product} {ergonomic}
     uint G1ConcRefinementThreads                  = 8                                         {product} {ergonomic}
   size_t G1HeapRegionSize                         = 1048576                                   {product} {ergonomic}
    uintx GCDrainStackTargetSize                   = 64                                        {product} {ergonomic}
     bool HeapDumpOnOutOfMemoryError               = true                                   {manageable} {command line}
   size_t InitialHeapSize                          = 268435456                                 {product} {command line}
   size_t MarkStackSize                            = 4194304                                   {product} {ergonomic}
   size_t MaxHeapSize                              = 536870912                                 {product} {command line}
   size_t MaxMetaspaceSize                         = 268435456                                 {product} {command line}
   size_t MaxNewSize                               = 321912832                                 {product} {ergonomic}
   size_t MinHeapDeltaBytes                        = 1048576                                   {product} {ergonomic}
    uintx NonNMethodCodeHeapSize                   = 5836300                                {pd product} {ergonomic}
    uintx NonProfiledCodeHeapSize                  = 122910970                              {pd product} {ergonomic}
    uintx ProfiledCodeHeapSize                     = 122910970                              {pd product} {ergonomic}
    uintx ReservedCodeCacheSize                    = 251658240                              {pd product} {ergonomic}
     bool SegmentedCodeCache                       = true                                      {product} {ergonomic}
     bool UseCompressedClassPointers               = true                                 {lp64_product} {ergonomic}
     bool UseCompressedOops                        = true                                 {lp64_product} {ergonomic}
     bool UseG1GC                                  = true                                      {product} {ergonomic}
     bool UseLargePagesIndividualAllocation        = false                                  {pd product} {ergonomic}

Logging:
Log output configuration:
 #0: stdout all=warning uptime,level,tags
 #1: stderr all=off uptime,level,tags

Environment Variables:
JAVA_HOME=C:\Users\gauta\AppData\Local\Programs\AdoptOpenJDK\jdk-11.0.9.11-hotspot\
PATH=C:\Program Files (x86)\Common Files\Oracle\Java\javapath;C:\WINDOWS\system32;C:\WINDOWS;C:\WINDOWS\System32\Wbem;C:\WINDOWS\System32\WindowsPowerShell\v1.0\;C:\WINDOWS\System32\OpenSSH\;C:\Program Files (x86)\IVI Foundation\VISA\WinNT\Bin;C:\Program Files\Intel\WiFi\bin\;C:\Program Files\Common Files\Intel\WirelessCommon\;C:\Users\gauta\OneDrive\Desktop\Gradle\gradle-6.5.1\bin;C:\Program Files\nodejs\;C:\Users\gauta\AppData\Local\Programs\AdoptOpenJDK\jdk-11.0.9.11-hotspot\bin;C:\Users\gauta\AppData\Local\Programs\AdoptOpenJDK\bin;C:\Users\gauta\AppData\Local\Microsoft\WindowsApps;C:\Users\gauta\AppData\Local\Programs\Microsoft VS Code\bin;C:\Users\gauta\AppData\Local\Programs\Git\cmd;C:\Users\gauta\AppData\Local\JetBrains\IntelliJ IDEA Community Edition 2020.1.3\bin;;C:\Users\gauta\AppData\Roaming\npm
USERNAME=gauta
OS=Windows_NT
PROCESSOR_IDENTIFIER=Intel64 Family 6 Model 142 Stepping 10, GenuineIntel



---------------  S Y S T E M  ---------------

OS: Windows 10 , 64 bit Build 18362 (10.0.18362.1500)
OS uptime: 3 days 14:25 hours

CPU:total 8 (initial active 8) (4 cores per cpu, 2 threads per core) family 6 model 142 stepping 10, cmov, cx8, fxsr, mmx, sse, sse2, sse3, ssse3, sse4.1, sse4.2, popcnt, avx, avx2, aes, clmul, erms, 3dnowpref, lzcnt, ht, tsc, tscinvbit, bmi1, bmi2, adx, fma

Memory: 4k page, system-wide physical 8075M (516M free)
TotalPageFile size 21880M (AvailPageFile size 2M)
current process WorkingSet (physical memory assigned to process): 234M, peak: 234M
current process commit charge ("private bytes"): 436M, peak: 436M

vm_info: OpenJDK 64-Bit Server VM (11.0.9+11) for windows-amd64 JRE (11.0.9+11), built on Oct 24 2020 15:15:35 by "" with MS VC++ 15.9 (VS2017)

END.
