#
# There is insufficient memory for the Java Runtime Environment to continue.
# Native memory allocation (malloc) failed to allocate 1875696 bytes for Chunk::new
# Possible reasons:
#   The system is out of physical RAM or swap space
#   The process is running with CompressedOops enabled, and the Java Heap may be blocking the growth of the native heap
# Possible solutions:
#   Reduce memory load on the system
#   Increase physical memory or swap space
#   Check if swap backing store is full
#   Decrease Java heap size (-Xmx/-Xms)
#   Decrease number of Java threads
#   Decrease Java thread stack sizes (-Xss)
#   Set larger code cache with -XX:ReservedCodeCacheSize=
#   JVM is running with Unscaled Compressed Oops mode in which the Java heap is
#     placed in the first 4GB address space. The Java Heap base address is the
#     maximum limit for the native heap growth. Please use -XX:HeapBaseMinAddress
#     to set the Java Heap base and to place the Java Heap above 4GB virtual address.
# This output file may be truncated or incomplete.
#
#  Out of Memory Error (./src/hotspot/share/memory/arena.cpp:197), pid=14528, tid=4324
#
# JRE version: OpenJDK Runtime Environment AdoptOpenJDK (11.0.9+11) (build 11.0.9+11)
# Java VM: OpenJDK 64-Bit Server VM AdoptOpenJDK (11.0.9+11, mixed mode, tiered, compressed oops, g1 gc, windows-amd64)
# No core dump will be written. Minidumps are not enabled by default on client versions of Windows
#

---------------  S U M M A R Y ------------

Command Line: --add-opens=java.base/java.util=ALL-UNNAMED --add-opens=java.base/java.lang=ALL-UNNAMED --add-opens=java.base/java.lang.invoke=ALL-UNNAMED --add-opens=java.prefs/java.util.prefs=ALL-UNNAMED -XX:MaxMetaspaceSize=256m -XX:+HeapDumpOnOutOfMemoryError -Xms256m -Xmx512m -Dfile.encoding=windows-1252 -Duser.country=US -Duser.language=en -Duser.variant org.gradle.launcher.daemon.bootstrap.GradleDaemon 6.1.1

Host: Intel(R) Core(TM) i5-8250U CPU @ 1.60GHz, 8 cores, 7G,  Windows 10 , 64 bit Build 18362 (10.0.18362.1500)
Time: Fri May  7 10:22:38 2021 Pacific Daylight Time elapsed time: 8.259994 seconds (0d 0h 0m 8s)

---------------  T H R E A D  ---------------

Current thread (0x000001981c7be000):  JavaThread "C2 CompilerThread0" daemon [_thread_in_native, id=4324, stack(0x0000001ca0d00000,0x0000001ca0e00000)]


Current CompileTask:
C2:   8260 4056       4       java.lang.invoke.MethodType::makeImpl (108 bytes)

Stack: [0x0000001ca0d00000,0x0000001ca0e00000]
Native frames: (J=compiled Java code, j=interpreted, Vv=VM code, C=native code)
V  [jvm.dll+0x5f465a]
V  [jvm.dll+0x77c78e]
V  [jvm.dll+0x77de5f]
V  [jvm.dll+0x77e523]
V  [jvm.dll+0x2477c8]
V  [jvm.dll+0xbe2ec]
V  [jvm.dll+0xbe9ec]
V  [jvm.dll+0x34d112]
V  [jvm.dll+0x31ae63]
V  [jvm.dll+0x31a19a]
V  [jvm.dll+0x201085]
V  [jvm.dll+0x20023f]
V  [jvm.dll+0x184fbc]
V  [jvm.dll+0x20f7f7]
V  [jvm.dll+0x20d9db]
V  [jvm.dll+0x741029]
V  [jvm.dll+0x73a0d4]
V  [jvm.dll+0x5f3586]
C  [ucrtbase.dll+0x210b2]
C  [KERNEL32.DLL+0x17c24]
C  [ntdll.dll+0x6d721]


---------------  P R O C E S S  ---------------

Threads class SMR info:
_java_thread_list=0x0000019821729a50, length=42, elements={
0x000001987d061000, 0x000001981be5c000, 0x000001981be5d800, 0x000001981c7b9800,
0x000001981c7ba800, 0x000001981c7be000, 0x000001981c7cd800, 0x000001981c7d9000,
0x000001981c933000, 0x000001981c944800, 0x000001981e736800, 0x000001981db87000,
0x000001981d942000, 0x000001981e5e1800, 0x000001981e045800, 0x000001981e32e000,
0x000001981e1a5800, 0x000001981e1f0800, 0x000001981e332800, 0x000001981e338000,
0x000001981e619800, 0x000001981e61a800, 0x000001981e614800, 0x000001981e61b000,
0x000001981e618800, 0x000001981e615800, 0x000001981e616000, 0x000001981e618000,
0x00000198215f7000, 0x00000198215f8000, 0x00000198215fa800, 0x00000198215fb000,
0x00000198215fc000, 0x00000198215f6000, 0x00000198215fd800, 0x00000198215fc800,
0x00000198215fe800, 0x00000198215f8800, 0x00000198215ff000, 0x00000198215f9800,
0x0000019821605000, 0x0000019821600000
}

Java Threads: ( => current thread )
  0x000001987d061000 JavaThread "main" [_thread_blocked, id=18680, stack(0x0000001ca0200000,0x0000001ca0300000)]
  0x000001981be5c000 JavaThread "Reference Handler" daemon [_thread_blocked, id=16340, stack(0x0000001ca0900000,0x0000001ca0a00000)]
  0x000001981be5d800 JavaThread "Finalizer" daemon [_thread_blocked, id=2052, stack(0x0000001ca0a00000,0x0000001ca0b00000)]
  0x000001981c7b9800 JavaThread "Signal Dispatcher" daemon [_thread_blocked, id=13544, stack(0x0000001ca0b00000,0x0000001ca0c00000)]
  0x000001981c7ba800 JavaThread "Attach Listener" daemon [_thread_blocked, id=8616, stack(0x0000001ca0c00000,0x0000001ca0d00000)]
=>0x000001981c7be000 JavaThread "C2 CompilerThread0" daemon [_thread_in_native, id=4324, stack(0x0000001ca0d00000,0x0000001ca0e00000)]
  0x000001981c7cd800 JavaThread "C1 CompilerThread0" daemon [_thread_in_native, id=9552, stack(0x0000001ca0e00000,0x0000001ca0f00000)]
  0x000001981c7d9000 JavaThread "Sweeper thread" daemon [_thread_blocked, id=9224, stack(0x0000001ca0f00000,0x0000001ca1000000)]
  0x000001981c933000 JavaThread "Common-Cleaner" daemon [_thread_blocked, id=5988, stack(0x0000001ca1000000,0x0000001ca1100000)]
  0x000001981c944800 JavaThread "Service Thread" daemon [_thread_blocked, id=21040, stack(0x0000001ca1100000,0x0000001ca1200000)]
  0x000001981e736800 JavaThread "Daemon health stats" [_thread_blocked, id=9172, stack(0x0000001ca1900000,0x0000001ca1a00000)]
  0x000001981db87000 JavaThread "Incoming local TCP Connector on port 63510" [_thread_in_native, id=5224, stack(0x0000001ca1300000,0x0000001ca1400000)]
  0x000001981d942000 JavaThread "Daemon periodic checks" [_thread_blocked, id=12068, stack(0x0000001ca1a00000,0x0000001ca1b00000)]
  0x000001981e5e1800 JavaThread "Daemon" [_thread_blocked, id=7372, stack(0x0000001ca1b00000,0x0000001ca1c00000)]
  0x000001981e045800 JavaThread "Handler for socket connection from /127.0.0.1:63510 to /127.0.0.1:63511" [_thread_in_native, id=4728, stack(0x0000001ca1c00000,0x0000001ca1d00000)]
  0x000001981e32e000 JavaThread "Cancel handler" [_thread_blocked, id=3676, stack(0x0000001ca1d00000,0x0000001ca1e00000)]
  0x000001981e1a5800 JavaThread "Daemon worker" [_thread_blocked, id=17368, stack(0x0000001ca1e00000,0x0000001ca1f00000)]
  0x000001981e1f0800 JavaThread "Asynchronous log dispatcher for DefaultDaemonConnection: socket connection from /127.0.0.1:63510 to /127.0.0.1:63511" [_thread_blocked, id=2996, stack(0x0000001ca1f00000,0x0000001ca2000000)]
  0x000001981e332800 JavaThread "Stdin handler" [_thread_blocked, id=11140, stack(0x0000001ca2000000,0x0000001ca2100000)]
  0x000001981e338000 JavaThread "Thread-8" [_thread_blocked, id=18808, stack(0x0000001ca2100000,0x0000001ca2200000)]
  0x000001981e619800 JavaThread "Cache worker for journal cache (C:\Users\gauta\.gradle\caches\journal-1)" [_thread_blocked, id=19160, stack(0x0000001ca2200000,0x0000001ca2300000)]
  0x000001981e61a800 JavaThread "File lock request listener" [_thread_in_native, id=18244, stack(0x0000001ca2300000,0x0000001ca2400000)]
  0x000001981e614800 JavaThread "Cache worker for file hash cache (C:\Users\gauta\.gradle\caches\6.1.1\fileHashes)" [_thread_blocked, id=18156, stack(0x0000001ca2400000,0x0000001ca2500000)]
  0x000001981e61b000 JavaThread "Cache worker for checksums cache (C:\Users\gauta\IdeaProjects\Command_Framework\.gradle\checksums)" [_thread_blocked, id=13304, stack(0x0000001ca2900000,0x0000001ca2a00000)]
  0x000001981e618800 JavaThread "Cache worker for file hash cache (C:\Users\gauta\IdeaProjects\Command_Framework\.gradle\6.1.1\fileHashes)" [_thread_blocked, id=2532, stack(0x0000001ca2a00000,0x0000001ca2b00000)]
  0x000001981e615800 JavaThread "Cache worker for cache directory md-supplier (C:\Users\gauta\.gradle\caches\6.1.1\md-supplier)" [_thread_blocked, id=4320, stack(0x0000001ca2b00000,0x0000001ca2c00000)]
  0x000001981e616000 JavaThread "Cache worker for cache directory md-rule (C:\Users\gauta\.gradle\caches\6.1.1\md-rule)" [_thread_blocked, id=13712, stack(0x0000001ca2c00000,0x0000001ca2d00000)]
  0x000001981e618000 JavaThread "Cache worker for execution history cache (C:\Users\gauta\.gradle\caches\6.1.1\executionHistory)" [_thread_blocked, id=7040, stack(0x0000001ca2d00000,0x0000001ca2e00000)]
  0x00000198215f7000 JavaThread "Cache worker for Build Output Cleanup Cache (C:\Users\gauta\IdeaProjects\Command_Framework\.gradle\buildOutputCleanup)" [_thread_blocked, id=4848, stack(0x0000001ca2e00000,0x0000001ca2f00000)]
  0x00000198215f8000 JavaThread "Memory manager" [_thread_blocked, id=20240, stack(0x0000001ca2f00000,0x0000001ca3000000)]
  0x00000198215fa800 JavaThread "Cache worker for file content cache (C:\Users\gauta\.gradle\caches\6.1.1\fileContent)" [_thread_blocked, id=3016, stack(0x0000001ca3000000,0x0000001ca3100000)]
  0x00000198215fb000 JavaThread "Cache worker for file content cache (C:\Users\gauta\IdeaProjects\Command_Framework\.gradle\6.1.1\fileContent)" [_thread_blocked, id=14660, stack(0x0000001ca3100000,0x0000001ca3200000)]
  0x00000198215fc000 JavaThread "Execution worker for ':'" [_thread_blocked, id=7124, stack(0x0000001ca3200000,0x0000001ca3300000)]
  0x00000198215f6000 JavaThread "Execution worker for ':' Thread 2" [_thread_blocked, id=4132, stack(0x0000001ca3300000,0x0000001ca3400000)]
  0x00000198215fd800 JavaThread "Execution worker for ':' Thread 3" [_thread_blocked, id=18184, stack(0x0000001ca3400000,0x0000001ca3500000)]
  0x00000198215fc800 JavaThread "Execution worker for ':' Thread 4" [_thread_in_Java, id=17420, stack(0x0000001ca3500000,0x0000001ca3600000)]
  0x00000198215fe800 JavaThread "Execution worker for ':' Thread 5" [_thread_blocked, id=16412, stack(0x0000001ca3600000,0x0000001ca3700000)]
  0x00000198215f8800 JavaThread "Execution worker for ':' Thread 6" [_thread_blocked, id=8124, stack(0x0000001ca3700000,0x0000001ca3800000)]
  0x00000198215ff000 JavaThread "Execution worker for ':' Thread 7" [_thread_blocked, id=20564, stack(0x0000001ca3800000,0x0000001ca3900000)]
  0x00000198215f9800 JavaThread "Cache worker for execution history cache (C:\Users\gauta\IdeaProjects\Command_Framework\.gradle\6.1.1\executionHistory)" [_thread_blocked, id=16012, stack(0x0000001ca3900000,0x0000001ca3a00000)]
  0x0000019821605000 JavaThread "Cache worker for Java compile cache (C:\Users\gauta\.gradle\caches\6.1.1\javaCompile)" [_thread_blocked, id=9272, stack(0x0000001ca3a00000,0x0000001ca3b00000)]
  0x0000019821600000 JavaThread "Cache worker for Java compile cache (C:\Users\gauta\IdeaProjects\Command_Framework\.gradle\6.1.1\javaCompile)" [_thread_blocked, id=10136, stack(0x0000001ca3b00000,0x0000001ca3c00000)]

Other Threads:
  0x000001981be47800 VMThread "VM Thread" [stack: 0x0000001ca0800000,0x0000001ca0900000] [id=15376]
  0x000001981c946000 WatcherThread [stack: 0x0000001ca1200000,0x0000001ca1300000] [id=6204]
  0x000001987d07c000 GCTaskThread "GC Thread#0" [stack: 0x0000001ca0300000,0x0000001ca0400000] [id=700]
  0x000001981d1ad800 GCTaskThread "GC Thread#1" [stack: 0x0000001ca1400000,0x0000001ca1500000] [id=14356]
  0x000001981d3aa800 GCTaskThread "GC Thread#2" [stack: 0x0000001ca1500000,0x0000001ca1600000] [id=20592]
  0x000001981cbcc800 GCTaskThread "GC Thread#3" [stack: 0x0000001ca1600000,0x0000001ca1700000] [id=11856]
  0x000001981d1db800 GCTaskThread "GC Thread#4" [stack: 0x0000001ca1700000,0x0000001ca1800000] [id=17060]
  0x000001981cc2d000 GCTaskThread "GC Thread#5" [stack: 0x0000001ca1800000,0x0000001ca1900000] [id=16016]
  0x000001981e77c800 GCTaskThread "GC Thread#6" [stack: 0x0000001ca2500000,0x0000001ca2600000] [id=1432]
  0x000001981e77d000 GCTaskThread "GC Thread#7" [stack: 0x0000001ca2600000,0x0000001ca2700000] [id=17340]
  0x000001987d08b800 ConcurrentGCThread "G1 Main Marker" [stack: 0x0000001ca0400000,0x0000001ca0500000] [id=400]
  0x000001987d08d800 ConcurrentGCThread "G1 Conc#0" [stack: 0x0000001ca0500000,0x0000001ca0600000] [id=11180]
  0x000001981d33f800 ConcurrentGCThread "G1 Conc#1" [stack: 0x0000001ca2700000,0x0000001ca2800000] [id=19816]
  0x000001987d12d800 ConcurrentGCThread "G1 Refine#0" [stack: 0x0000001ca0600000,0x0000001ca0700000] [id=8104]
  0x000001981bcc0800 ConcurrentGCThread "G1 Young RemSet Sampling" [stack: 0x0000001ca0700000,0x0000001ca0800000] [id=5708]

Threads with active compile tasks:
C2 CompilerThread0   8293 4056       4       java.lang.invoke.MethodType::makeImpl (108 bytes)
C1 CompilerThread0   8293 4111       3       java.util.regex.Pattern$Caret::match (124 bytes)
C2 CompilerThread1   8293 4108       4       com.sun.tools.javac.parser.UnicodeReader::scanChar (45 bytes)

VM state:not at safepoint (normal execution)

VM Mutex/Monitor currently owned by a thread: None

Heap address: 0x00000000e0000000, size: 512 MB, Compressed Oops mode: 32-bit
Narrow klass base: 0x0000000000000000, Narrow klass shift: 3
Compressed class space size: 260046848 Address: 0x0000000100000000

Heap:
 garbage-first heap   total 262144K, used 66530K [0x00000000e0000000, 0x0000000100000000)
  region size 1024K, 51 young (52224K), 13 survivors (13312K)
 Metaspace       used 52287K, capacity 53516K, committed 53680K, reserved 301056K
  class space    used 6901K, capacity 7336K, committed 7424K, reserved 253952K
Heap Regions: E=young(eden), S=young(survivor), O=old, HS=humongous(starts), HC=humongous(continues), CS=collection set, F=free, A=archive, TAMS=top-at-mark-start (previous, next)
|   0|0x00000000e0000000, 0x00000000e0100000, 0x00000000e0100000|100%| O|  |TAMS 0x00000000e0100000, 0x00000000e0000000| Untracked 
|   1|0x00000000e0100000, 0x00000000e0200000, 0x00000000e0200000|100%| O|  |TAMS 0x00000000e0200000, 0x00000000e0100000| Untracked 
|   2|0x00000000e0200000, 0x00000000e0300000, 0x00000000e0300000|100%| O|  |TAMS 0x00000000e0300000, 0x00000000e0200000| Untracked 
|   3|0x00000000e0300000, 0x00000000e0400000, 0x00000000e0400000|100%|HS|  |TAMS 0x00000000e0400000, 0x00000000e0300000| Complete 
|   4|0x00000000e0400000, 0x00000000e0500000, 0x00000000e0500000|100%|HC|  |TAMS 0x00000000e0500000, 0x00000000e0400000| Complete 
|   5|0x00000000e0500000, 0x00000000e0600000, 0x00000000e0600000|100%|HC|  |TAMS 0x00000000e0600000, 0x00000000e0500000| Complete 
|   6|0x00000000e0600000, 0x00000000e0700000, 0x00000000e0700000|100%| O|  |TAMS 0x00000000e0700000, 0x00000000e0600000| Untracked 
|   7|0x00000000e0700000, 0x00000000e0800000, 0x00000000e0800000|100%| O|  |TAMS 0x00000000e0800000, 0x00000000e0700000| Untracked 
|   8|0x00000000e0800000, 0x00000000e0900000, 0x00000000e0900000|100%| O|  |TAMS 0x00000000e0900000, 0x00000000e0800000| Untracked 
|   9|0x00000000e0900000, 0x00000000e0a00000, 0x00000000e0a00000|100%| O|  |TAMS 0x00000000e0a00000, 0x00000000e0900000| Untracked 
|  10|0x00000000e0a00000, 0x00000000e0b00000, 0x00000000e0b00000|100%| O|  |TAMS 0x00000000e0b00000, 0x00000000e0a00000| Untracked 
|  11|0x00000000e0b00000, 0x00000000e0c00000, 0x00000000e0c00000|100%| O|  |TAMS 0x00000000e0c00000, 0x00000000e0b00000| Untracked 
|  12|0x00000000e0c00000, 0x00000000e0d00000, 0x00000000e0d00000|100%| O|  |TAMS 0x00000000e0d00000, 0x00000000e0c00000| Untracked 
|  13|0x00000000e0d00000, 0x00000000e0e00000, 0x00000000e0e00000|100%| O|  |TAMS 0x00000000e0e00000, 0x00000000e0d00000| Untracked 
|  14|0x00000000e0e00000, 0x00000000e0f00000, 0x00000000e0f00000|100%| O|  |TAMS 0x00000000e0f00000, 0x00000000e0e00000| Untracked 
|  15|0x00000000e0f00000, 0x00000000e0f70000, 0x00000000e1000000| 43%| O|  |TAMS 0x00000000e0f70000, 0x00000000e0f00000| Untracked 
|  16|0x00000000e1000000, 0x00000000e1000000, 0x00000000e1100000|  0%| F|  |TAMS 0x00000000e1000000, 0x00000000e1000000| Untracked 
|  17|0x00000000e1100000, 0x00000000e1100000, 0x00000000e1200000|  0%| F|  |TAMS 0x00000000e1100000, 0x00000000e1100000| Untracked 
|  18|0x00000000e1200000, 0x00000000e1200000, 0x00000000e1300000|  0%| F|  |TAMS 0x00000000e1200000, 0x00000000e1200000| Untracked 
|  19|0x00000000e1300000, 0x00000000e1300000, 0x00000000e1400000|  0%| F|  |TAMS 0x00000000e1300000, 0x00000000e1300000| Untracked 
|  20|0x00000000e1400000, 0x00000000e1400000, 0x00000000e1500000|  0%| F|  |TAMS 0x00000000e1400000, 0x00000000e1400000| Untracked 
|  21|0x00000000e1500000, 0x00000000e1500000, 0x00000000e1600000|  0%| F|  |TAMS 0x00000000e1500000, 0x00000000e1500000| Untracked 
|  22|0x00000000e1600000, 0x00000000e1600000, 0x00000000e1700000|  0%| F|  |TAMS 0x00000000e1600000, 0x00000000e1600000| Untracked 
|  23|0x00000000e1700000, 0x00000000e1700000, 0x00000000e1800000|  0%| F|  |TAMS 0x00000000e1700000, 0x00000000e1700000| Untracked 
|  24|0x00000000e1800000, 0x00000000e1800000, 0x00000000e1900000|  0%| F|  |TAMS 0x00000000e1800000, 0x00000000e1800000| Untracked 
|  25|0x00000000e1900000, 0x00000000e1900000, 0x00000000e1a00000|  0%| F|  |TAMS 0x00000000e1900000, 0x00000000e1900000| Untracked 
|  26|0x00000000e1a00000, 0x00000000e1a00000, 0x00000000e1b00000|  0%| F|  |TAMS 0x00000000e1a00000, 0x00000000e1a00000| Untracked 
|  27|0x00000000e1b00000, 0x00000000e1b00000, 0x00000000e1c00000|  0%| F|  |TAMS 0x00000000e1b00000, 0x00000000e1b00000| Untracked 
|  28|0x00000000e1c00000, 0x00000000e1c00000, 0x00000000e1d00000|  0%| F|  |TAMS 0x00000000e1c00000, 0x00000000e1c00000| Untracked 
|  29|0x00000000e1d00000, 0x00000000e1d00000, 0x00000000e1e00000|  0%| F|  |TAMS 0x00000000e1d00000, 0x00000000e1d00000| Untracked 
|  30|0x00000000e1e00000, 0x00000000e1e00000, 0x00000000e1f00000|  0%| F|  |TAMS 0x00000000e1e00000, 0x00000000e1e00000| Untracked 
|  31|0x00000000e1f00000, 0x00000000e1f00000, 0x00000000e2000000|  0%| F|  |TAMS 0x00000000e1f00000, 0x00000000e1f00000| Untracked 
|  32|0x00000000e2000000, 0x00000000e2000000, 0x00000000e2100000|  0%| F|  |TAMS 0x00000000e2000000, 0x00000000e2000000| Untracked 
|  33|0x00000000e2100000, 0x00000000e2100000, 0x00000000e2200000|  0%| F|  |TAMS 0x00000000e2100000, 0x00000000e2100000| Untracked 
|  34|0x00000000e2200000, 0x00000000e2200000, 0x00000000e2300000|  0%| F|  |TAMS 0x00000000e2200000, 0x00000000e2200000| Untracked 
|  35|0x00000000e2300000, 0x00000000e2300000, 0x00000000e2400000|  0%| F|  |TAMS 0x00000000e2300000, 0x00000000e2300000| Untracked 
|  36|0x00000000e2400000, 0x00000000e2400000, 0x00000000e2500000|  0%| F|  |TAMS 0x00000000e2400000, 0x00000000e2400000| Untracked 
|  37|0x00000000e2500000, 0x00000000e2500000, 0x00000000e2600000|  0%| F|  |TAMS 0x00000000e2500000, 0x00000000e2500000| Untracked 
|  38|0x00000000e2600000, 0x00000000e2600000, 0x00000000e2700000|  0%| F|  |TAMS 0x00000000e2600000, 0x00000000e2600000| Untracked 
|  39|0x00000000e2700000, 0x00000000e2700000, 0x00000000e2800000|  0%| F|  |TAMS 0x00000000e2700000, 0x00000000e2700000| Untracked 
|  40|0x00000000e2800000, 0x00000000e2800000, 0x00000000e2900000|  0%| F|  |TAMS 0x00000000e2800000, 0x00000000e2800000| Untracked 
|  41|0x00000000e2900000, 0x00000000e2900000, 0x00000000e2a00000|  0%| F|  |TAMS 0x00000000e2900000, 0x00000000e2900000| Untracked 
|  42|0x00000000e2a00000, 0x00000000e2a00000, 0x00000000e2b00000|  0%| F|  |TAMS 0x00000000e2a00000, 0x00000000e2a00000| Untracked 
|  43|0x00000000e2b00000, 0x00000000e2b00000, 0x00000000e2c00000|  0%| F|  |TAMS 0x00000000e2b00000, 0x00000000e2b00000| Untracked 
|  44|0x00000000e2c00000, 0x00000000e2c00000, 0x00000000e2d00000|  0%| F|  |TAMS 0x00000000e2c00000, 0x00000000e2c00000| Untracked 
|  45|0x00000000e2d00000, 0x00000000e2d00000, 0x00000000e2e00000|  0%| F|  |TAMS 0x00000000e2d00000, 0x00000000e2d00000| Untracked 
|  46|0x00000000e2e00000, 0x00000000e2e00000, 0x00000000e2f00000|  0%| F|  |TAMS 0x00000000e2e00000, 0x00000000e2e00000| Untracked 
|  47|0x00000000e2f00000, 0x00000000e2f00000, 0x00000000e3000000|  0%| F|  |TAMS 0x00000000e2f00000, 0x00000000e2f00000| Untracked 
|  48|0x00000000e3000000, 0x00000000e3000000, 0x00000000e3100000|  0%| F|  |TAMS 0x00000000e3000000, 0x00000000e3000000| Untracked 
|  49|0x00000000e3100000, 0x00000000e3100000, 0x00000000e3200000|  0%| F|  |TAMS 0x00000000e3100000, 0x00000000e3100000| Untracked 
|  50|0x00000000e3200000, 0x00000000e3200000, 0x00000000e3300000|  0%| F|  |TAMS 0x00000000e3200000, 0x00000000e3200000| Untracked 
|  51|0x00000000e3300000, 0x00000000e3300000, 0x00000000e3400000|  0%| F|  |TAMS 0x00000000e3300000, 0x00000000e3300000| Untracked 
|  52|0x00000000e3400000, 0x00000000e3400000, 0x00000000e3500000|  0%| F|  |TAMS 0x00000000e3400000, 0x00000000e3400000| Untracked 
|  53|0x00000000e3500000, 0x00000000e3500000, 0x00000000e3600000|  0%| F|  |TAMS 0x00000000e3500000, 0x00000000e3500000| Untracked 
|  54|0x00000000e3600000, 0x00000000e3600000, 0x00000000e3700000|  0%| F|  |TAMS 0x00000000e3600000, 0x00000000e3600000| Untracked 
|  55|0x00000000e3700000, 0x00000000e3700000, 0x00000000e3800000|  0%| F|  |TAMS 0x00000000e3700000, 0x00000000e3700000| Untracked 
|  56|0x00000000e3800000, 0x00000000e3800000, 0x00000000e3900000|  0%| F|  |TAMS 0x00000000e3800000, 0x00000000e3800000| Untracked 
|  57|0x00000000e3900000, 0x00000000e3900000, 0x00000000e3a00000|  0%| F|  |TAMS 0x00000000e3900000, 0x00000000e3900000| Untracked 
|  58|0x00000000e3a00000, 0x00000000e3a00000, 0x00000000e3b00000|  0%| F|  |TAMS 0x00000000e3a00000, 0x00000000e3a00000| Untracked 
|  59|0x00000000e3b00000, 0x00000000e3b00000, 0x00000000e3c00000|  0%| F|  |TAMS 0x00000000e3b00000, 0x00000000e3b00000| Untracked 
|  60|0x00000000e3c00000, 0x00000000e3c00000, 0x00000000e3d00000|  0%| F|  |TAMS 0x00000000e3c00000, 0x00000000e3c00000| Untracked 
|  61|0x00000000e3d00000, 0x00000000e3d00000, 0x00000000e3e00000|  0%| F|  |TAMS 0x00000000e3d00000, 0x00000000e3d00000| Untracked 
|  62|0x00000000e3e00000, 0x00000000e3e00000, 0x00000000e3f00000|  0%| F|  |TAMS 0x00000000e3e00000, 0x00000000e3e00000| Untracked 
|  63|0x00000000e3f00000, 0x00000000e3f00000, 0x00000000e4000000|  0%| F|  |TAMS 0x00000000e3f00000, 0x00000000e3f00000| Untracked 
|  64|0x00000000e4000000, 0x00000000e4000000, 0x00000000e4100000|  0%| F|  |TAMS 0x00000000e4000000, 0x00000000e4000000| Untracked 
|  65|0x00000000e4100000, 0x00000000e4100000, 0x00000000e4200000|  0%| F|  |TAMS 0x00000000e4100000, 0x00000000e4100000| Untracked 
|  66|0x00000000e4200000, 0x00000000e4200000, 0x00000000e4300000|  0%| F|  |TAMS 0x00000000e4200000, 0x00000000e4200000| Untracked 
|  67|0x00000000e4300000, 0x00000000e4300000, 0x00000000e4400000|  0%| F|  |TAMS 0x00000000e4300000, 0x00000000e4300000| Untracked 
|  68|0x00000000e4400000, 0x00000000e4400000, 0x00000000e4500000|  0%| F|  |TAMS 0x00000000e4400000, 0x00000000e4400000| Untracked 
|  69|0x00000000e4500000, 0x00000000e4500000, 0x00000000e4600000|  0%| F|  |TAMS 0x00000000e4500000, 0x00000000e4500000| Untracked 
|  70|0x00000000e4600000, 0x00000000e4600000, 0x00000000e4700000|  0%| F|  |TAMS 0x00000000e4600000, 0x00000000e4600000| Untracked 
|  71|0x00000000e4700000, 0x00000000e4700000, 0x00000000e4800000|  0%| F|  |TAMS 0x00000000e4700000, 0x00000000e4700000| Untracked 
|  72|0x00000000e4800000, 0x00000000e4800000, 0x00000000e4900000|  0%| F|  |TAMS 0x00000000e4800000, 0x00000000e4800000| Untracked 
|  73|0x00000000e4900000, 0x00000000e4900000, 0x00000000e4a00000|  0%| F|  |TAMS 0x00000000e4900000, 0x00000000e4900000| Untracked 
|  74|0x00000000e4a00000, 0x00000000e4a00000, 0x00000000e4b00000|  0%| F|  |TAMS 0x00000000e4a00000, 0x00000000e4a00000| Untracked 
|  75|0x00000000e4b00000, 0x00000000e4b00000, 0x00000000e4c00000|  0%| F|  |TAMS 0x00000000e4b00000, 0x00000000e4b00000| Untracked 
|  76|0x00000000e4c00000, 0x00000000e4c00000, 0x00000000e4d00000|  0%| F|  |TAMS 0x00000000e4c00000, 0x00000000e4c00000| Untracked 
|  77|0x00000000e4d00000, 0x00000000e4d00000, 0x00000000e4e00000|  0%| F|  |TAMS 0x00000000e4d00000, 0x00000000e4d00000| Untracked 
|  78|0x00000000e4e00000, 0x00000000e4e00000, 0x00000000e4f00000|  0%| F|  |TAMS 0x00000000e4e00000, 0x00000000e4e00000| Untracked 
|  79|0x00000000e4f00000, 0x00000000e4f00000, 0x00000000e5000000|  0%| F|  |TAMS 0x00000000e4f00000, 0x00000000e4f00000| Untracked 
|  80|0x00000000e5000000, 0x00000000e5000000, 0x00000000e5100000|  0%| F|  |TAMS 0x00000000e5000000, 0x00000000e5000000| Untracked 
|  81|0x00000000e5100000, 0x00000000e5100000, 0x00000000e5200000|  0%| F|  |TAMS 0x00000000e5100000, 0x00000000e5100000| Untracked 
|  82|0x00000000e5200000, 0x00000000e5200000, 0x00000000e5300000|  0%| F|  |TAMS 0x00000000e5200000, 0x00000000e5200000| Untracked 
|  83|0x00000000e5300000, 0x00000000e5300000, 0x00000000e5400000|  0%| F|  |TAMS 0x00000000e5300000, 0x00000000e5300000| Untracked 
|  84|0x00000000e5400000, 0x00000000e5400000, 0x00000000e5500000|  0%| F|  |TAMS 0x00000000e5400000, 0x00000000e5400000| Untracked 
|  85|0x00000000e5500000, 0x00000000e5500000, 0x00000000e5600000|  0%| F|  |TAMS 0x00000000e5500000, 0x00000000e5500000| Untracked 
|  86|0x00000000e5600000, 0x00000000e5600000, 0x00000000e5700000|  0%| F|  |TAMS 0x00000000e5600000, 0x00000000e5600000| Untracked 
|  87|0x00000000e5700000, 0x00000000e5700000, 0x00000000e5800000|  0%| F|  |TAMS 0x00000000e5700000, 0x00000000e5700000| Untracked 
|  88|0x00000000e5800000, 0x00000000e5800000, 0x00000000e5900000|  0%| F|  |TAMS 0x00000000e5800000, 0x00000000e5800000| Untracked 
|  89|0x00000000e5900000, 0x00000000e5900000, 0x00000000e5a00000|  0%| F|  |TAMS 0x00000000e5900000, 0x00000000e5900000| Untracked 
|  90|0x00000000e5a00000, 0x00000000e5a00000, 0x00000000e5b00000|  0%| F|  |TAMS 0x00000000e5a00000, 0x00000000e5a00000| Untracked 
|  91|0x00000000e5b00000, 0x00000000e5b00000, 0x00000000e5c00000|  0%| F|  |TAMS 0x00000000e5b00000, 0x00000000e5b00000| Untracked 
|  92|0x00000000e5c00000, 0x00000000e5c00000, 0x00000000e5d00000|  0%| F|  |TAMS 0x00000000e5c00000, 0x00000000e5c00000| Untracked 
|  93|0x00000000e5d00000, 0x00000000e5d00000, 0x00000000e5e00000|  0%| F|  |TAMS 0x00000000e5d00000, 0x00000000e5d00000| Untracked 
|  94|0x00000000e5e00000, 0x00000000e5e00000, 0x00000000e5f00000|  0%| F|  |TAMS 0x00000000e5e00000, 0x00000000e5e00000| Untracked 
|  95|0x00000000e5f00000, 0x00000000e5f00000, 0x00000000e6000000|  0%| F|  |TAMS 0x00000000e5f00000, 0x00000000e5f00000| Untracked 
|  96|0x00000000e6000000, 0x00000000e6000000, 0x00000000e6100000|  0%| F|  |TAMS 0x00000000e6000000, 0x00000000e6000000| Untracked 
|  97|0x00000000e6100000, 0x00000000e6100000, 0x00000000e6200000|  0%| F|  |TAMS 0x00000000e6100000, 0x00000000e6100000| Untracked 
|  98|0x00000000e6200000, 0x00000000e6200000, 0x00000000e6300000|  0%| F|  |TAMS 0x00000000e6200000, 0x00000000e6200000| Untracked 
|  99|0x00000000e6300000, 0x00000000e6300000, 0x00000000e6400000|  0%| F|  |TAMS 0x00000000e6300000, 0x00000000e6300000| Untracked 
| 100|0x00000000e6400000, 0x00000000e6400000, 0x00000000e6500000|  0%| F|  |TAMS 0x00000000e6400000, 0x00000000e6400000| Untracked 
| 101|0x00000000e6500000, 0x00000000e6500000, 0x00000000e6600000|  0%| F|  |TAMS 0x00000000e6500000, 0x00000000e6500000| Untracked 
| 102|0x00000000e6600000, 0x00000000e6600000, 0x00000000e6700000|  0%| F|  |TAMS 0x00000000e6600000, 0x00000000e6600000| Untracked 
| 103|0x00000000e6700000, 0x00000000e6700000, 0x00000000e6800000|  0%| F|  |TAMS 0x00000000e6700000, 0x00000000e6700000| Untracked 
| 104|0x00000000e6800000, 0x00000000e6800000, 0x00000000e6900000|  0%| F|  |TAMS 0x00000000e6800000, 0x00000000e6800000| Untracked 
| 105|0x00000000e6900000, 0x00000000e6900000, 0x00000000e6a00000|  0%| F|  |TAMS 0x00000000e6900000, 0x00000000e6900000| Untracked 
| 106|0x00000000e6a00000, 0x00000000e6a00000, 0x00000000e6b00000|  0%| F|  |TAMS 0x00000000e6a00000, 0x00000000e6a00000| Untracked 
| 107|0x00000000e6b00000, 0x00000000e6b00000, 0x00000000e6c00000|  0%| F|  |TAMS 0x00000000e6b00000, 0x00000000e6b00000| Untracked 
| 108|0x00000000e6c00000, 0x00000000e6c00000, 0x00000000e6d00000|  0%| F|  |TAMS 0x00000000e6c00000, 0x00000000e6c00000| Untracked 
| 109|0x00000000e6d00000, 0x00000000e6d00000, 0x00000000e6e00000|  0%| F|  |TAMS 0x00000000e6d00000, 0x00000000e6d00000| Untracked 
| 110|0x00000000e6e00000, 0x00000000e6e00000, 0x00000000e6f00000|  0%| F|  |TAMS 0x00000000e6e00000, 0x00000000e6e00000| Untracked 
| 111|0x00000000e6f00000, 0x00000000e6f00000, 0x00000000e7000000|  0%| F|  |TAMS 0x00000000e6f00000, 0x00000000e6f00000| Untracked 
| 112|0x00000000e7000000, 0x00000000e7000000, 0x00000000e7100000|  0%| F|  |TAMS 0x00000000e7000000, 0x00000000e7000000| Untracked 
| 113|0x00000000e7100000, 0x00000000e7100000, 0x00000000e7200000|  0%| F|  |TAMS 0x00000000e7100000, 0x00000000e7100000| Untracked 
| 114|0x00000000e7200000, 0x00000000e7200000, 0x00000000e7300000|  0%| F|  |TAMS 0x00000000e7200000, 0x00000000e7200000| Untracked 
| 115|0x00000000e7300000, 0x00000000e7300000, 0x00000000e7400000|  0%| F|  |TAMS 0x00000000e7300000, 0x00000000e7300000| Untracked 
| 116|0x00000000e7400000, 0x00000000e7400000, 0x00000000e7500000|  0%| F|  |TAMS 0x00000000e7400000, 0x00000000e7400000| Untracked 
| 117|0x00000000e7500000, 0x00000000e7500000, 0x00000000e7600000|  0%| F|  |TAMS 0x00000000e7500000, 0x00000000e7500000| Untracked 
| 118|0x00000000e7600000, 0x00000000e7600000, 0x00000000e7700000|  0%| F|  |TAMS 0x00000000e7600000, 0x00000000e7600000| Untracked 
| 119|0x00000000e7700000, 0x00000000e7700000, 0x00000000e7800000|  0%| F|  |TAMS 0x00000000e7700000, 0x00000000e7700000| Untracked 
| 120|0x00000000e7800000, 0x00000000e7800000, 0x00000000e7900000|  0%| F|  |TAMS 0x00000000e7800000, 0x00000000e7800000| Untracked 
| 121|0x00000000e7900000, 0x00000000e7900000, 0x00000000e7a00000|  0%| F|  |TAMS 0x00000000e7900000, 0x00000000e7900000| Untracked 
| 122|0x00000000e7a00000, 0x00000000e7a00000, 0x00000000e7b00000|  0%| F|  |TAMS 0x00000000e7a00000, 0x00000000e7a00000| Untracked 
| 123|0x00000000e7b00000, 0x00000000e7b00000, 0x00000000e7c00000|  0%| F|  |TAMS 0x00000000e7b00000, 0x00000000e7b00000| Untracked 
| 124|0x00000000e7c00000, 0x00000000e7c00000, 0x00000000e7d00000|  0%| F|  |TAMS 0x00000000e7c00000, 0x00000000e7c00000| Untracked 
| 125|0x00000000e7d00000, 0x00000000e7d00000, 0x00000000e7e00000|  0%| F|  |TAMS 0x00000000e7d00000, 0x00000000e7d00000| Untracked 
| 126|0x00000000e7e00000, 0x00000000e7e00000, 0x00000000e7f00000|  0%| F|  |TAMS 0x00000000e7e00000, 0x00000000e7e00000| Untracked 
| 127|0x00000000e7f00000, 0x00000000e7f00000, 0x00000000e8000000|  0%| F|  |TAMS 0x00000000e7f00000, 0x00000000e7f00000| Untracked 
| 128|0x00000000e8000000, 0x00000000e8000000, 0x00000000e8100000|  0%| F|  |TAMS 0x00000000e8000000, 0x00000000e8000000| Untracked 
| 129|0x00000000e8100000, 0x00000000e8100000, 0x00000000e8200000|  0%| F|  |TAMS 0x00000000e8100000, 0x00000000e8100000| Untracked 
| 130|0x00000000e8200000, 0x00000000e8200000, 0x00000000e8300000|  0%| F|  |TAMS 0x00000000e8200000, 0x00000000e8200000| Untracked 
| 131|0x00000000e8300000, 0x00000000e8300000, 0x00000000e8400000|  0%| F|  |TAMS 0x00000000e8300000, 0x00000000e8300000| Untracked 
| 132|0x00000000e8400000, 0x00000000e8400000, 0x00000000e8500000|  0%| F|  |TAMS 0x00000000e8400000, 0x00000000e8400000| Untracked 
| 133|0x00000000e8500000, 0x00000000e8500000, 0x00000000e8600000|  0%| F|  |TAMS 0x00000000e8500000, 0x00000000e8500000| Untracked 
| 134|0x00000000e8600000, 0x00000000e8600000, 0x00000000e8700000|  0%| F|  |TAMS 0x00000000e8600000, 0x00000000e8600000| Untracked 
| 135|0x00000000e8700000, 0x00000000e8700000, 0x00000000e8800000|  0%| F|  |TAMS 0x00000000e8700000, 0x00000000e8700000| Untracked 
| 136|0x00000000e8800000, 0x00000000e8800000, 0x00000000e8900000|  0%| F|  |TAMS 0x00000000e8800000, 0x00000000e8800000| Untracked 
| 137|0x00000000e8900000, 0x00000000e8900000, 0x00000000e8a00000|  0%| F|  |TAMS 0x00000000e8900000, 0x00000000e8900000| Untracked 
| 138|0x00000000e8a00000, 0x00000000e8a00000, 0x00000000e8b00000|  0%| F|  |TAMS 0x00000000e8a00000, 0x00000000e8a00000| Untracked 
| 139|0x00000000e8b00000, 0x00000000e8b88888, 0x00000000e8c00000| 53%| S|CS|TAMS 0x00000000e8b00000, 0x00000000e8b00000| Complete 
| 140|0x00000000e8c00000, 0x00000000e8d00000, 0x00000000e8d00000|100%| S|CS|TAMS 0x00000000e8c00000, 0x00000000e8c00000| Complete 
| 141|0x00000000e8d00000, 0x00000000e8e00000, 0x00000000e8e00000|100%| S|CS|TAMS 0x00000000e8d00000, 0x00000000e8d00000| Complete 
| 142|0x00000000e8e00000, 0x00000000e8f00000, 0x00000000e8f00000|100%| S|CS|TAMS 0x00000000e8e00000, 0x00000000e8e00000| Complete 
| 143|0x00000000e8f00000, 0x00000000e9000000, 0x00000000e9000000|100%| S|CS|TAMS 0x00000000e8f00000, 0x00000000e8f00000| Complete 
| 144|0x00000000e9000000, 0x00000000e9100000, 0x00000000e9100000|100%| S|CS|TAMS 0x00000000e9000000, 0x00000000e9000000| Complete 
| 145|0x00000000e9100000, 0x00000000e9200000, 0x00000000e9200000|100%| S|CS|TAMS 0x00000000e9100000, 0x00000000e9100000| Complete 
| 146|0x00000000e9200000, 0x00000000e9300000, 0x00000000e9300000|100%| S|CS|TAMS 0x00000000e9200000, 0x00000000e9200000| Complete 
| 147|0x00000000e9300000, 0x00000000e9400000, 0x00000000e9400000|100%| S|CS|TAMS 0x00000000e9300000, 0x00000000e9300000| Complete 
| 148|0x00000000e9400000, 0x00000000e9500000, 0x00000000e9500000|100%| S|CS|TAMS 0x00000000e9400000, 0x00000000e9400000| Complete 
| 149|0x00000000e9500000, 0x00000000e9600000, 0x00000000e9600000|100%| S|CS|TAMS 0x00000000e9500000, 0x00000000e9500000| Complete 
| 150|0x00000000e9600000, 0x00000000e9700000, 0x00000000e9700000|100%| S|CS|TAMS 0x00000000e9600000, 0x00000000e9600000| Complete 
| 151|0x00000000e9700000, 0x00000000e9800000, 0x00000000e9800000|100%| S|CS|TAMS 0x00000000e9700000, 0x00000000e9700000| Complete 
| 152|0x00000000e9800000, 0x00000000e9800000, 0x00000000e9900000|  0%| F|  |TAMS 0x00000000e9800000, 0x00000000e9800000| Untracked 
| 153|0x00000000e9900000, 0x00000000e9900000, 0x00000000e9a00000|  0%| F|  |TAMS 0x00000000e9900000, 0x00000000e9900000| Untracked 
| 154|0x00000000e9a00000, 0x00000000e9a00000, 0x00000000e9b00000|  0%| F|  |TAMS 0x00000000e9a00000, 0x00000000e9a00000| Untracked 
| 155|0x00000000e9b00000, 0x00000000e9b00000, 0x00000000e9c00000|  0%| F|  |TAMS 0x00000000e9b00000, 0x00000000e9b00000| Untracked 
| 156|0x00000000e9c00000, 0x00000000e9c00000, 0x00000000e9d00000|  0%| F|  |TAMS 0x00000000e9c00000, 0x00000000e9c00000| Untracked 
| 157|0x00000000e9d00000, 0x00000000e9d00000, 0x00000000e9e00000|  0%| F|  |TAMS 0x00000000e9d00000, 0x00000000e9d00000| Untracked 
| 158|0x00000000e9e00000, 0x00000000e9e00000, 0x00000000e9f00000|  0%| F|  |TAMS 0x00000000e9e00000, 0x00000000e9e00000| Untracked 
| 159|0x00000000e9f00000, 0x00000000e9f00000, 0x00000000ea000000|  0%| F|  |TAMS 0x00000000e9f00000, 0x00000000e9f00000| Untracked 
| 160|0x00000000ea000000, 0x00000000ea000000, 0x00000000ea100000|  0%| F|  |TAMS 0x00000000ea000000, 0x00000000ea000000| Untracked 
| 161|0x00000000ea100000, 0x00000000ea100000, 0x00000000ea200000|  0%| F|  |TAMS 0x00000000ea100000, 0x00000000ea100000| Untracked 
| 162|0x00000000ea200000, 0x00000000ea200000, 0x00000000ea300000|  0%| F|  |TAMS 0x00000000ea200000, 0x00000000ea200000| Untracked 
| 163|0x00000000ea300000, 0x00000000ea300000, 0x00000000ea400000|  0%| F|  |TAMS 0x00000000ea300000, 0x00000000ea300000| Untracked 
| 164|0x00000000ea400000, 0x00000000ea400000, 0x00000000ea500000|  0%| F|  |TAMS 0x00000000ea400000, 0x00000000ea400000| Untracked 
| 165|0x00000000ea500000, 0x00000000ea500000, 0x00000000ea600000|  0%| F|  |TAMS 0x00000000ea500000, 0x00000000ea500000| Untracked 
| 166|0x00000000ea600000, 0x00000000ea600000, 0x00000000ea700000|  0%| F|  |TAMS 0x00000000ea600000, 0x00000000ea600000| Untracked 
| 167|0x00000000ea700000, 0x00000000ea700000, 0x00000000ea800000|  0%| F|  |TAMS 0x00000000ea700000, 0x00000000ea700000| Untracked 
| 168|0x00000000ea800000, 0x00000000ea800000, 0x00000000ea900000|  0%| F|  |TAMS 0x00000000ea800000, 0x00000000ea800000| Untracked 
| 169|0x00000000ea900000, 0x00000000ea900000, 0x00000000eaa00000|  0%| F|  |TAMS 0x00000000ea900000, 0x00000000ea900000| Untracked 
| 170|0x00000000eaa00000, 0x00000000eaa00000, 0x00000000eab00000|  0%| F|  |TAMS 0x00000000eaa00000, 0x00000000eaa00000| Untracked 
| 171|0x00000000eab00000, 0x00000000eab00000, 0x00000000eac00000|  0%| F|  |TAMS 0x00000000eab00000, 0x00000000eab00000| Untracked 
| 172|0x00000000eac00000, 0x00000000eac00000, 0x00000000ead00000|  0%| F|  |TAMS 0x00000000eac00000, 0x00000000eac00000| Untracked 
| 173|0x00000000ead00000, 0x00000000ead00000, 0x00000000eae00000|  0%| F|  |TAMS 0x00000000ead00000, 0x00000000ead00000| Untracked 
| 174|0x00000000eae00000, 0x00000000eae00000, 0x00000000eaf00000|  0%| F|  |TAMS 0x00000000eae00000, 0x00000000eae00000| Untracked 
| 175|0x00000000eaf00000, 0x00000000eaf00000, 0x00000000eb000000|  0%| F|  |TAMS 0x00000000eaf00000, 0x00000000eaf00000| Untracked 
| 176|0x00000000eb000000, 0x00000000eb000000, 0x00000000eb100000|  0%| F|  |TAMS 0x00000000eb000000, 0x00000000eb000000| Untracked 
| 177|0x00000000eb100000, 0x00000000eb100000, 0x00000000eb200000|  0%| F|  |TAMS 0x00000000eb100000, 0x00000000eb100000| Untracked 
| 178|0x00000000eb200000, 0x00000000eb200000, 0x00000000eb300000|  0%| F|  |TAMS 0x00000000eb200000, 0x00000000eb200000| Untracked 
| 179|0x00000000eb300000, 0x00000000eb300000, 0x00000000eb400000|  0%| F|  |TAMS 0x00000000eb300000, 0x00000000eb300000| Untracked 
| 180|0x00000000eb400000, 0x00000000eb400000, 0x00000000eb500000|  0%| F|  |TAMS 0x00000000eb400000, 0x00000000eb400000| Untracked 
| 181|0x00000000eb500000, 0x00000000eb500000, 0x00000000eb600000|  0%| F|  |TAMS 0x00000000eb500000, 0x00000000eb500000| Untracked 
| 182|0x00000000eb600000, 0x00000000eb600000, 0x00000000eb700000|  0%| F|  |TAMS 0x00000000eb600000, 0x00000000eb600000| Untracked 
| 183|0x00000000eb700000, 0x00000000eb700000, 0x00000000eb800000|  0%| F|  |TAMS 0x00000000eb700000, 0x00000000eb700000| Untracked 
| 184|0x00000000eb800000, 0x00000000eb800000, 0x00000000eb900000|  0%| F|  |TAMS 0x00000000eb800000, 0x00000000eb800000| Untracked 
| 185|0x00000000eb900000, 0x00000000eb900000, 0x00000000eba00000|  0%| F|  |TAMS 0x00000000eb900000, 0x00000000eb900000| Untracked 
| 186|0x00000000eba00000, 0x00000000eba00000, 0x00000000ebb00000|  0%| F|  |TAMS 0x00000000eba00000, 0x00000000eba00000| Untracked 
| 187|0x00000000ebb00000, 0x00000000ebb00000, 0x00000000ebc00000|  0%| F|  |TAMS 0x00000000ebb00000, 0x00000000ebb00000| Untracked 
| 188|0x00000000ebc00000, 0x00000000ebc00000, 0x00000000ebd00000|  0%| F|  |TAMS 0x00000000ebc00000, 0x00000000ebc00000| Untracked 
| 189|0x00000000ebd00000, 0x00000000ebd00000, 0x00000000ebe00000|  0%| F|  |TAMS 0x00000000ebd00000, 0x00000000ebd00000| Untracked 
| 190|0x00000000ebe00000, 0x00000000ebe00000, 0x00000000ebf00000|  0%| F|  |TAMS 0x00000000ebe00000, 0x00000000ebe00000| Untracked 
| 191|0x00000000ebf00000, 0x00000000ebf00000, 0x00000000ec000000|  0%| F|  |TAMS 0x00000000ebf00000, 0x00000000ebf00000| Untracked 
| 192|0x00000000ec000000, 0x00000000ec000000, 0x00000000ec100000|  0%| F|  |TAMS 0x00000000ec000000, 0x00000000ec000000| Untracked 
| 193|0x00000000ec100000, 0x00000000ec100000, 0x00000000ec200000|  0%| F|  |TAMS 0x00000000ec100000, 0x00000000ec100000| Untracked 
| 194|0x00000000ec200000, 0x00000000ec200000, 0x00000000ec300000|  0%| F|  |TAMS 0x00000000ec200000, 0x00000000ec200000| Untracked 
| 195|0x00000000ec300000, 0x00000000ec300000, 0x00000000ec400000|  0%| F|  |TAMS 0x00000000ec300000, 0x00000000ec300000| Untracked 
| 196|0x00000000ec400000, 0x00000000ec400000, 0x00000000ec500000|  0%| F|  |TAMS 0x00000000ec400000, 0x00000000ec400000| Untracked 
| 197|0x00000000ec500000, 0x00000000ec500000, 0x00000000ec600000|  0%| F|  |TAMS 0x00000000ec500000, 0x00000000ec500000| Untracked 
| 198|0x00000000ec600000, 0x00000000ec600000, 0x00000000ec700000|  0%| F|  |TAMS 0x00000000ec600000, 0x00000000ec600000| Untracked 
| 199|0x00000000ec700000, 0x00000000ec700000, 0x00000000ec800000|  0%| F|  |TAMS 0x00000000ec700000, 0x00000000ec700000| Untracked 
| 200|0x00000000ec800000, 0x00000000ec800000, 0x00000000ec900000|  0%| F|  |TAMS 0x00000000ec800000, 0x00000000ec800000| Untracked 
| 201|0x00000000ec900000, 0x00000000ec900000, 0x00000000eca00000|  0%| F|  |TAMS 0x00000000ec900000, 0x00000000ec900000| Untracked 
| 202|0x00000000eca00000, 0x00000000eca00000, 0x00000000ecb00000|  0%| F|  |TAMS 0x00000000eca00000, 0x00000000eca00000| Untracked 
| 203|0x00000000ecb00000, 0x00000000ecb00000, 0x00000000ecc00000|  0%| F|  |TAMS 0x00000000ecb00000, 0x00000000ecb00000| Untracked 
| 204|0x00000000ecc00000, 0x00000000ecc00000, 0x00000000ecd00000|  0%| F|  |TAMS 0x00000000ecc00000, 0x00000000ecc00000| Untracked 
| 205|0x00000000ecd00000, 0x00000000ecd00000, 0x00000000ece00000|  0%| F|  |TAMS 0x00000000ecd00000, 0x00000000ecd00000| Untracked 
| 206|0x00000000ece00000, 0x00000000ece00000, 0x00000000ecf00000|  0%| F|  |TAMS 0x00000000ece00000, 0x00000000ece00000| Untracked 
| 207|0x00000000ecf00000, 0x00000000ecf00000, 0x00000000ed000000|  0%| F|  |TAMS 0x00000000ecf00000, 0x00000000ecf00000| Untracked 
| 208|0x00000000ed000000, 0x00000000ed000000, 0x00000000ed100000|  0%| F|  |TAMS 0x00000000ed000000, 0x00000000ed000000| Untracked 
| 209|0x00000000ed100000, 0x00000000ed100000, 0x00000000ed200000|  0%| F|  |TAMS 0x00000000ed100000, 0x00000000ed100000| Untracked 
| 210|0x00000000ed200000, 0x00000000ed200000, 0x00000000ed300000|  0%| F|  |TAMS 0x00000000ed200000, 0x00000000ed200000| Untracked 
| 211|0x00000000ed300000, 0x00000000ed300000, 0x00000000ed400000|  0%| F|  |TAMS 0x00000000ed300000, 0x00000000ed300000| Untracked 
| 212|0x00000000ed400000, 0x00000000ed400000, 0x00000000ed500000|  0%| F|  |TAMS 0x00000000ed400000, 0x00000000ed400000| Untracked 
| 213|0x00000000ed500000, 0x00000000ed500000, 0x00000000ed600000|  0%| F|  |TAMS 0x00000000ed500000, 0x00000000ed500000| Untracked 
| 214|0x00000000ed600000, 0x00000000ed600000, 0x00000000ed700000|  0%| F|  |TAMS 0x00000000ed600000, 0x00000000ed600000| Untracked 
| 215|0x00000000ed700000, 0x00000000ed700000, 0x00000000ed800000|  0%| F|  |TAMS 0x00000000ed700000, 0x00000000ed700000| Untracked 
| 216|0x00000000ed800000, 0x00000000ed800000, 0x00000000ed900000|  0%| F|  |TAMS 0x00000000ed800000, 0x00000000ed800000| Untracked 
| 217|0x00000000ed900000, 0x00000000ed900000, 0x00000000eda00000|  0%| F|  |TAMS 0x00000000ed900000, 0x00000000ed900000| Untracked 
| 218|0x00000000eda00000, 0x00000000edac0288, 0x00000000edb00000| 75%| E|  |TAMS 0x00000000eda00000, 0x00000000eda00000| Complete 
| 219|0x00000000edb00000, 0x00000000edc00000, 0x00000000edc00000|100%| E|CS|TAMS 0x00000000edb00000, 0x00000000edb00000| Complete 
| 220|0x00000000edc00000, 0x00000000edd00000, 0x00000000edd00000|100%| E|CS|TAMS 0x00000000edc00000, 0x00000000edc00000| Complete 
| 221|0x00000000edd00000, 0x00000000ede00000, 0x00000000ede00000|100%| E|CS|TAMS 0x00000000edd00000, 0x00000000edd00000| Complete 
| 222|0x00000000ede00000, 0x00000000edf00000, 0x00000000edf00000|100%| E|CS|TAMS 0x00000000ede00000, 0x00000000ede00000| Complete 
| 223|0x00000000edf00000, 0x00000000ee000000, 0x00000000ee000000|100%| E|CS|TAMS 0x00000000edf00000, 0x00000000edf00000| Complete 
| 224|0x00000000ee000000, 0x00000000ee100000, 0x00000000ee100000|100%| E|CS|TAMS 0x00000000ee000000, 0x00000000ee000000| Complete 
| 225|0x00000000ee100000, 0x00000000ee200000, 0x00000000ee200000|100%| E|CS|TAMS 0x00000000ee100000, 0x00000000ee100000| Complete 
| 226|0x00000000ee200000, 0x00000000ee300000, 0x00000000ee300000|100%| E|CS|TAMS 0x00000000ee200000, 0x00000000ee200000| Complete 
| 227|0x00000000ee300000, 0x00000000ee400000, 0x00000000ee400000|100%| E|CS|TAMS 0x00000000ee300000, 0x00000000ee300000| Complete 
| 228|0x00000000ee400000, 0x00000000ee500000, 0x00000000ee500000|100%| E|CS|TAMS 0x00000000ee400000, 0x00000000ee400000| Complete 
| 229|0x00000000ee500000, 0x00000000ee600000, 0x00000000ee600000|100%| E|CS|TAMS 0x00000000ee500000, 0x00000000ee500000| Complete 
| 230|0x00000000ee600000, 0x00000000ee700000, 0x00000000ee700000|100%| E|CS|TAMS 0x00000000ee600000, 0x00000000ee600000| Complete 
| 231|0x00000000ee700000, 0x00000000ee800000, 0x00000000ee800000|100%| E|CS|TAMS 0x00000000ee700000, 0x00000000ee700000| Complete 
| 232|0x00000000ee800000, 0x00000000ee900000, 0x00000000ee900000|100%| E|CS|TAMS 0x00000000ee800000, 0x00000000ee800000| Complete 
| 233|0x00000000ee900000, 0x00000000eea00000, 0x00000000eea00000|100%| E|CS|TAMS 0x00000000ee900000, 0x00000000ee900000| Complete 
| 234|0x00000000eea00000, 0x00000000eeb00000, 0x00000000eeb00000|100%| E|CS|TAMS 0x00000000eea00000, 0x00000000eea00000| Complete 
| 235|0x00000000eeb00000, 0x00000000eec00000, 0x00000000eec00000|100%| E|CS|TAMS 0x00000000eeb00000, 0x00000000eeb00000| Complete 
| 236|0x00000000eec00000, 0x00000000eed00000, 0x00000000eed00000|100%| E|CS|TAMS 0x00000000eec00000, 0x00000000eec00000| Complete 
| 237|0x00000000eed00000, 0x00000000eee00000, 0x00000000eee00000|100%| E|CS|TAMS 0x00000000eed00000, 0x00000000eed00000| Complete 
| 238|0x00000000eee00000, 0x00000000eef00000, 0x00000000eef00000|100%| E|CS|TAMS 0x00000000eee00000, 0x00000000eee00000| Complete 
| 239|0x00000000eef00000, 0x00000000ef000000, 0x00000000ef000000|100%| E|CS|TAMS 0x00000000eef00000, 0x00000000eef00000| Complete 
| 240|0x00000000ef000000, 0x00000000ef100000, 0x00000000ef100000|100%| E|CS|TAMS 0x00000000ef000000, 0x00000000ef000000| Complete 
| 241|0x00000000ef100000, 0x00000000ef200000, 0x00000000ef200000|100%| E|CS|TAMS 0x00000000ef100000, 0x00000000ef100000| Complete 
| 242|0x00000000ef200000, 0x00000000ef300000, 0x00000000ef300000|100%| E|CS|TAMS 0x00000000ef200000, 0x00000000ef200000| Complete 
| 243|0x00000000ef300000, 0x00000000ef400000, 0x00000000ef400000|100%| E|CS|TAMS 0x00000000ef300000, 0x00000000ef300000| Complete 
| 244|0x00000000ef400000, 0x00000000ef500000, 0x00000000ef500000|100%| E|CS|TAMS 0x00000000ef400000, 0x00000000ef400000| Complete 
| 245|0x00000000ef500000, 0x00000000ef600000, 0x00000000ef600000|100%| E|CS|TAMS 0x00000000ef500000, 0x00000000ef500000| Complete 
| 246|0x00000000ef600000, 0x00000000ef700000, 0x00000000ef700000|100%| E|CS|TAMS 0x00000000ef600000, 0x00000000ef600000| Complete 
| 247|0x00000000ef700000, 0x00000000ef800000, 0x00000000ef800000|100%| E|CS|TAMS 0x00000000ef700000, 0x00000000ef700000| Complete 
| 248|0x00000000ef800000, 0x00000000ef900000, 0x00000000ef900000|100%| E|CS|TAMS 0x00000000ef800000, 0x00000000ef800000| Complete 
| 249|0x00000000ef900000, 0x00000000efa00000, 0x00000000efa00000|100%| E|CS|TAMS 0x00000000ef900000, 0x00000000ef900000| Complete 
| 250|0x00000000efa00000, 0x00000000efb00000, 0x00000000efb00000|100%| E|CS|TAMS 0x00000000efa00000, 0x00000000efa00000| Complete 
| 251|0x00000000efb00000, 0x00000000efc00000, 0x00000000efc00000|100%| E|CS|TAMS 0x00000000efb00000, 0x00000000efb00000| Complete 
| 252|0x00000000efc00000, 0x00000000efd00000, 0x00000000efd00000|100%| E|CS|TAMS 0x00000000efc00000, 0x00000000efc00000| Complete 
| 253|0x00000000efd00000, 0x00000000efe00000, 0x00000000efe00000|100%| E|CS|TAMS 0x00000000efd00000, 0x00000000efd00000| Complete 
| 254|0x00000000efe00000, 0x00000000eff00000, 0x00000000eff00000|100%| E|CS|TAMS 0x00000000efe00000, 0x00000000efe00000| Complete 
| 255|0x00000000eff00000, 0x00000000f0000000, 0x00000000f0000000|100%| E|CS|TAMS 0x00000000eff00000, 0x00000000eff00000| Complete 

Card table byte_map: [0x00000198181b0000,0x00000198182b0000] _byte_map_base: 0x0000019817ab0000

Marking Bits (Prev, Next): (CMBitMap*) 0x000001987d0887d8, (CMBitMap*) 0x000001987d088810
 Prev Bits: [0x00000198183b0000, 0x0000019818bb0000)
 Next Bits: [0x0000019818bb0000, 0x00000198193b0000)

Polling page: 0x0000019800000000

Metaspace:

Usage:
  Non-class:     45.10 MB capacity,    44.34 MB ( 98%) used,   670.95 KB (  1%) free+waste,   109.56 KB ( <1%) overhead. 
      Class:      7.16 MB capacity,     6.74 MB ( 94%) used,   382.14 KB (  5%) free+waste,    52.06 KB ( <1%) overhead. 
       Both:     52.26 MB capacity,    51.08 MB ( 98%) used,     1.03 MB (  2%) free+waste,   161.63 KB ( <1%) overhead. 

Virtual space:
  Non-class space:       46.00 MB reserved,      45.17 MB ( 98%) committed 
      Class space:      248.00 MB reserved,       7.25 MB (  3%) committed 
             Both:      294.00 MB reserved,      52.42 MB ( 18%) committed 

Chunk freelists:
   Non-Class:  12.00 KB
       Class:  24.00 KB
        Both:  36.00 KB

MaxMetaspaceSize: 256.00 MB
CompressedClassSpaceSize: 248.00 MB

CodeHeap 'non-profiled nmethods': size=120000Kb used=2073Kb max_used=2073Kb free=117926Kb
 bounds [0x0000019810100000, 0x0000019810370000, 0x0000019817630000]
CodeHeap 'profiled nmethods': size=120000Kb used=8904Kb max_used=8904Kb free=111095Kb
 bounds [0x0000019808bd0000, 0x0000019809490000, 0x0000019810100000]
CodeHeap 'non-nmethods': size=5760Kb used=2209Kb max_used=2238Kb free=3550Kb
 bounds [0x0000019808630000, 0x00000198088a0000, 0x0000019808bd0000]
 total_blobs=4733 nmethods=3956 adapters=688
 compilation: enabled
              stopped_count=0, restarted_count=0
 full_count=0

Compilation events (20 events):
Event: 8.195 Thread 0x000001981c7cd800 4068       3       com.sun.tools.javac.util.Convert::chars2utf (159 bytes)
Event: 8.196 Thread 0x000001981c7cd800 nmethod 4068 0x0000019809459490 code [0x0000019809459660, 0x0000019809459a18]
Event: 8.196 Thread 0x000001981c7cd800 4069       1       com.sun.tools.javac.util.UnsharedNameTable$NameImpl::getIndex (5 bytes)
Event: 8.196 Thread 0x000001981c7cd800 nmethod 4069 0x0000019810304510 code [0x00000198103046c0, 0x0000019810304778]
Event: 8.196 Thread 0x000001981c7cd800 4066       3       com.sun.tools.javac.util.Names::fromString (9 bytes)
Event: 8.197 Thread 0x000001981c7cd800 nmethod 4066 0x0000019809459c90 code [0x0000019809459ea0, 0x000001980945a588]
Event: 8.197 Thread 0x000001981c7cd800 4067       3       com.sun.tools.javac.util.Name$Table::fromString (14 bytes)
Event: 8.198 Thread 0x000001981c7cd800 nmethod 4067 0x000001980945a810 code [0x000001980945aa20, 0x000001980945b008]
Event: 8.249 Thread 0x000001981c7cd800 4070       1       java.lang.invoke.MethodHandle::internalForm (5 bytes)
Event: 8.249 Thread 0x000001981c7cd800 nmethod 4070 0x0000019810304810 code [0x00000198103049c0, 0x0000019810304a78]
Event: 8.253 Thread 0x000001981c7cd800 4071       3       com.sun.tools.javac.parser.UnicodeReader::scanChar (45 bytes)
Event: 8.253 Thread 0x000001981c7cd800 nmethod 4071 0x000001980945b290 code [0x000001980945b460, 0x000001980945b648]
Event: 8.257 Thread 0x000001981c7cd800 4072       3       com.sun.tools.javac.parser.UnicodeReader::putChar (10 bytes)
Event: 8.257 Thread 0x000001981c7cd800 nmethod 4072 0x000001980945b790 code [0x000001980945b940, 0x000001980945ba88]
Event: 8.257 Thread 0x000001981c7cd800 4074       3       com.sun.tools.javac.util.UnsharedNameTable::fromChars (28 bytes)
Event: 8.257 Thread 0x000001981c7cd800 nmethod 4074 0x000001980945bb10 code [0x000001980945bce0, 0x000001980945bf18]
Event: 8.257 Thread 0x000001981c7cd800 4073       3       com.sun.tools.javac.parser.UnicodeReader::putChar (41 bytes)
Event: 8.257 Thread 0x000001981c7cd800 nmethod 4073 0x000001980945c010 code [0x000001980945c200, 0x000001980945c718]
Event: 8.257 Thread 0x000001981c7cd800 4076       3       com.sun.tools.javac.util.List::nil (4 bytes)
Event: 8.257 Thread 0x000001981c7cd800 nmethod 4076 0x000001980945c910 code [0x000001980945cac0, 0x000001980945cbb8]

GC Heap History (10 events):
Event: 0.970 GC heap before
{Heap before GC invocations=0 (full 0):
 garbage-first heap   total 262144K, used 29696K [0x00000000e0000000, 0x0000000100000000)
  region size 1024K, 24 young (24576K), 0 survivors (0K)
 Metaspace       used 10395K, capacity 10637K, committed 11008K, reserved 264192K
  class space    used 1096K, capacity 1163K, committed 1280K, reserved 253952K
}
Event: 0.977 GC heap after
{Heap after GC invocations=1 (full 0):
 garbage-first heap   total 262144K, used 9116K [0x00000000e0000000, 0x0000000100000000)
  region size 1024K, 3 young (3072K), 3 survivors (3072K)
 Metaspace       used 10395K, capacity 10637K, committed 11008K, reserved 264192K
  class space    used 1096K, capacity 1163K, committed 1280K, reserved 253952K
}
Event: 2.946 GC heap before
{Heap before GC invocations=1 (full 0):
 garbage-first heap   total 262144K, used 93084K [0x00000000e0000000, 0x0000000100000000)
  region size 1024K, 87 young (89088K), 3 survivors (3072K)
 Metaspace       used 20834K, capacity 21215K, committed 21296K, reserved 274432K
  class space    used 2522K, capacity 2657K, committed 2688K, reserved 253952K
}
Event: 2.960 GC heap after
{Heap after GC invocations=2 (full 0):
 garbage-first heap   total 262144K, used 16327K [0x00000000e0000000, 0x0000000100000000)
  region size 1024K, 11 young (11264K), 11 survivors (11264K)
 Metaspace       used 20834K, capacity 21215K, committed 21296K, reserved 274432K
  class space    used 2522K, capacity 2657K, committed 2688K, reserved 253952K
}
Event: 3.621 GC heap before
{Heap before GC invocations=3 (full 0):
 garbage-first heap   total 262144K, used 46023K [0x00000000e0000000, 0x0000000100000000)
  region size 1024K, 40 young (40960K), 11 survivors (11264K)
 Metaspace       used 25134K, capacity 25651K, committed 25904K, reserved 276480K
  class space    used 3189K, capacity 3374K, committed 3456K, reserved 253952K
}
Event: 3.629 GC heap after
{Heap after GC invocations=4 (full 0):
 garbage-first heap   total 262144K, used 17565K [0x00000000e0000000, 0x0000000100000000)
  region size 1024K, 2 young (2048K), 2 survivors (2048K)
 Metaspace       used 25134K, capacity 25651K, committed 25904K, reserved 276480K
  class space    used 3189K, capacity 3374K, committed 3456K, reserved 253952K
}
Event: 4.952 GC heap before
{Heap before GC invocations=4 (full 0):
 garbage-first heap   total 262144K, used 76957K [0x00000000e0000000, 0x0000000100000000)
  region size 1024K, 59 young (60416K), 2 survivors (2048K)
 Metaspace       used 35102K, capacity 35756K, committed 35888K, reserved 286720K
  class space    used 4363K, capacity 4609K, committed 4736K, reserved 253952K
}
Event: 4.972 GC heap after
{Heap after GC invocations=5 (full 0):
 garbage-first heap   total 262144K, used 21434K [0x00000000e0000000, 0x0000000100000000)
  region size 1024K, 6 young (6144K), 6 survivors (6144K)
 Metaspace       used 35102K, capacity 35756K, committed 35888K, reserved 286720K
  class space    used 4363K, capacity 4609K, committed 4736K, reserved 253952K
}
Event: 6.732 GC heap before
{Heap before GC invocations=6 (full 0):
 garbage-first heap   total 262144K, used 121786K [0x00000000e0000000, 0x0000000100000000)
  region size 1024K, 104 young (106496K), 6 survivors (6144K)
 Metaspace       used 42100K, capacity 43090K, committed 43184K, reserved 292864K
  class space    used 5483K, capacity 5804K, committed 5888K, reserved 253952K
}
Event: 6.744 GC heap after
{Heap after GC invocations=7 (full 0):
 garbage-first heap   total 262144K, used 28642K [0x00000000e0000000, 0x0000000100000000)
  region size 1024K, 13 young (13312K), 13 survivors (13312K)
 Metaspace       used 42100K, capacity 43090K, committed 43184K, reserved 292864K
  class space    used 5483K, capacity 5804K, committed 5888K, reserved 253952K
}

Deoptimization events (20 events):
Event: 7.116 Thread 0x00000198215f9800 DEOPT PACKING pc=0x00000198102b2c80 sp=0x0000001ca39fe2a0
Event: 7.116 Thread 0x00000198215f9800 DEOPT UNPACKING pc=0x00000198086574af sp=0x0000001ca39fe260 mode 2
Event: 7.116 Thread 0x00000198215f9800 Uncommon trap: trap_request=0xffffffc6 fr.pc=0x00000198102b2c80 relative=0x00000000000015a0
Event: 7.116 Thread 0x00000198215f9800 Uncommon trap: reason=bimorphic_or_optimized_type_check action=maybe_recompile pc=0x00000198102b2c80 method=java.util.Arrays.binarySearch0([Ljava/lang/Object;IILjava/lang/Object;Ljava/util/Comparator;)I @ 48 c2
Event: 7.116 Thread 0x00000198215f9800 DEOPT PACKING pc=0x00000198102b2c80 sp=0x0000001ca39fe2a0
Event: 7.116 Thread 0x00000198215f9800 DEOPT UNPACKING pc=0x00000198086574af sp=0x0000001ca39fe260 mode 2
Event: 7.196 Thread 0x00000198215fc800 Uncommon trap: trap_request=0xffffff4d fr.pc=0x000001981016440c relative=0x00000000000001cc
Event: 7.196 Thread 0x00000198215fc800 Uncommon trap: reason=unstable_if action=reinterpret pc=0x000001981016440c method=java.net.URI$Parser.scan(IILjava/lang/String;)I @ 26 c2
Event: 7.196 Thread 0x00000198215fc800 DEOPT PACKING pc=0x000001981016440c sp=0x0000001ca35fbeb0
Event: 7.196 Thread 0x00000198215fc800 DEOPT UNPACKING pc=0x00000198086574af sp=0x0000001ca35fbe40 mode 2
Event: 7.196 Thread 0x00000198215fc800 Uncommon trap: trap_request=0xffffff4d fr.pc=0x0000019810145954 relative=0x0000000000000114
Event: 7.196 Thread 0x00000198215fc800 Uncommon trap: reason=unstable_if action=reinterpret pc=0x0000019810145954 method=java.net.URI.match(CJJ)Z @ 45 c2
Event: 7.196 Thread 0x00000198215fc800 DEOPT PACKING pc=0x0000019810145954 sp=0x0000001ca35fbc20
Event: 7.196 Thread 0x00000198215fc800 DEOPT UNPACKING pc=0x00000198086574af sp=0x0000001ca35fbb58 mode 2
Event: 7.196 Thread 0x00000198215fc800 Uncommon trap: trap_request=0xffffff4d fr.pc=0x000001981011bfe8 relative=0x0000000000000048
Event: 7.196 Thread 0x00000198215fc800 Uncommon trap: reason=unstable_if action=reinterpret pc=0x000001981011bfe8 method=java.net.URI.match(CJJ)Z @ 19 c2
Event: 7.196 Thread 0x00000198215fc800 DEOPT PACKING pc=0x000001981011bfe8 sp=0x0000001ca35fbc30
Event: 7.196 Thread 0x00000198215fc800 DEOPT UNPACKING pc=0x00000198086574af sp=0x0000001ca35fbbe0 mode 2
Event: 7.215 Thread 0x00000198215fc800 DEOPT PACKING pc=0x000001980908b2f9 sp=0x0000001ca35fbe70
Event: 7.215 Thread 0x00000198215fc800 DEOPT UNPACKING pc=0x00000198086572ce sp=0x0000001ca35fb3b8 mode 0

Classes redefined (0 events):
No events

Internal exceptions (20 events):
Event: 6.605 Thread 0x000001981e1a5800 Exception <a 'java/lang/ClassNotFoundException'{0x00000000e9fdbdb8}: org/gradle/api/internal/tasks/DefaultSourceSet_DecoratedBeanInfo> (0x00000000e9fdbdb8) thrown at [./src/hotspot/share/classfile/systemDictionary.cpp, line 231]
Event: 6.607 Thread 0x000001981e1a5800 Exception <a 'java/lang/ClassNotFoundException'{0x00000000e9ff8338}: org/gradle/api/internal/tasks/DefaultSourceSetBeanInfo> (0x00000000e9ff8338) thrown at [./src/hotspot/share/classfile/systemDictionary.cpp, line 231]
Event: 6.609 Thread 0x000001981e1a5800 Exception <a 'java/lang/ClassNotFoundException'{0x00000000e9e15058}: org/gradle/api/internal/tasks/DefaultSourceSetCustomizer> (0x00000000e9e15058) thrown at [./src/hotspot/share/classfile/systemDictionary.cpp, line 231]
Event: 6.613 Thread 0x000001981e1a5800 Exception <a 'java/lang/ClassNotFoundException'{0x00000000e9e53a48}: org/gradle/api/internal/tasks/DefaultSourceSet_DecoratedCustomizer> (0x00000000e9e53a48) thrown at [./src/hotspot/share/classfile/systemDictionary.cpp, line 231]
Event: 6.622 Thread 0x000001981e1a5800 Exception <a 'java/lang/ClassNotFoundException'{0x00000000e9ece040}: java/lang/SystemBeanInfo> (0x00000000e9ece040) thrown at [./src/hotspot/share/classfile/systemDictionary.cpp, line 231]
Event: 6.622 Thread 0x000001981e1a5800 Exception <a 'java/lang/ClassNotFoundException'{0x00000000e9ed5e30}: java/lang/SystemCustomizer> (0x00000000e9ed5e30) thrown at [./src/hotspot/share/classfile/systemDictionary.cpp, line 231]
Event: 6.815 Thread 0x000001981e1a5800 Exception <a 'java/lang/IncompatibleClassChangeError'{0x00000000efdeda88}: Found class java.lang.Object, but interface was expected> (0x00000000efdeda88) thrown at [./src/hotspot/share/interpreter/linkResolver.cpp, line 839]
Event: 6.966 Thread 0x00000198215fc800 Exception <a 'java/lang/NoSuchMethodError'{0x00000000ef515378}: 'java.lang.Object java.lang.invoke.DirectMethodHandle$Holder.invokeSpecial(java.lang.Object, java.lang.Object, java.lang.Object, java.lang.Object, java.lang.Object, java.lang.Object, java.lang.Object, java.lang.Object, java.lang.Object)'> (0x00000000ef515378) thrown at [./src/hotspot/share/interpreter/linkResolver.cpp, line 773]
Event: 6.966 Thread 0x00000198215fc800 Exception <a 'java/lang/NoSuchMethodError'{0x00000000ef5192c8}: 'java.lang.Object java.lang.invoke.Invokers$Holder.linkToTargetMethod(java.lang.Object, java.lang.Object, java.lang.Object, java.lang.Object, java.lang.Object, java.lang.Object, java.lang.Object, java.lang.Object)'> (0x00000000ef5192c8) thrown at [./src/hotspot/share/interpreter/linkResolver.cpp, line 773]
Event: 7.014 Thread 0x000001981e338000 Exception <a 'java/lang/NoSuchMethodError'{0x00000000eff8dee8}: <clinit>> (0x00000000eff8dee8) thrown at [./src/hotspot/share/prims/jni.cpp, line 1362]
Event: 7.014 Thread 0x000001981e338000 Exception <a 'java/lang/NoSuchMethodError'{0x00000000eff8f4b8}: <clinit>> (0x00000000eff8f4b8) thrown at [./src/hotspot/share/prims/jni.cpp, line 1362]
Event: 7.015 Thread 0x000001981e338000 Exception <a 'java/lang/NoSuchMethodError'{0x00000000ef2c97a8}: <clinit>> (0x00000000ef2c97a8) thrown at [./src/hotspot/share/prims/jni.cpp, line 1362]
Event: 7.016 Thread 0x000001981e338000 Exception <a 'java/lang/NoSuchMethodError'{0x00000000ef2d6720}: <clinit>> (0x00000000ef2d6720) thrown at [./src/hotspot/share/prims/jni.cpp, line 1362]
Event: 7.017 Thread 0x000001981e338000 Exception <a 'java/lang/NoSuchMethodError'{0x00000000ef2de940}: <clinit>> (0x00000000ef2de940) thrown at [./src/hotspot/share/prims/jni.cpp, line 1362]
Event: 7.170 Thread 0x00000198215fc800 Exception <a 'java/lang/NoSuchMethodError'{0x00000000eed57410}: 'int java.lang.invoke.DirectMethodHandle$Holder.invokeStaticInit(java.lang.Object, java.lang.Object, java.lang.Object)'> (0x00000000eed57410) thrown at [./src/hotspot/share/interpreter/linkResolver.cpp, line 773]
Event: 7.171 Thread 0x00000198215fc800 Exception <a 'java/lang/NoSuchMethodError'{0x00000000eed5d320}: 'int java.lang.invoke.DirectMethodHandle$Holder.invokeStatic(java.lang.Object, java.lang.Object, java.lang.Object, java.lang.Object, java.lang.Object)'> (0x00000000eed5d320) thrown at [./src/hotspot/share/interpreter/linkResolver.cpp, line 773]
Event: 7.186 Thread 0x00000198215fc800 Exception <a 'java/lang/NoSuchMethodError'{0x00000000eec32d88}: 'void java.lang.invoke.DirectMethodHandle$Holder.invokeStatic(java.lang.Object, java.lang.Object, java.lang.Object, java.lang.Object, java.lang.Object, java.lang.Object, java.lang.Object)'> (0x00000000eec32d88) thrown at [./src/hotspot/share/interpreter/linkResolver.cpp, line 773]
Event: 7.396 Thread 0x00000198215fc800 Exception <a 'java/lang/NoSuchMethodError'{0x00000000ee730200}: 'void java.lang.invoke.DirectMethodHandle$Holder.invokeVirtual(java.lang.Object, java.lang.Object)'> (0x00000000ee730200) thrown at [./src/hotspot/share/interpreter/linkResolver.cpp, line 773]
Event: 7.936 Thread 0x00000198215fc800 Exception <a 'sun/nio/fs/WindowsException'{0x00000000edeb7cd8}> (0x00000000edeb7cd8) thrown at [./src/hotspot/share/prims/jni.cpp, line 615]
Event: 8.159 Thread 0x00000198215fc800 Exception <a 'java/lang/NoSuchMethodError'{0x00000000edce94f0}: 'int java.lang.invoke.DirectMethodHandle$Holder.invokeVirtual(java.lang.Object, java.lang.Object)'> (0x00000000edce94f0) thrown at [./src/hotspot/share/interpreter/linkResolver.cpp, line 773]

Events (20 events):
Event: 8.226 loading class javax/tools/JavaFileObject
Event: 8.226 loading class javax/tools/JavaFileObject done
Event: 8.226 loading class com/sun/tools/javac/main/JavaCompiler
Event: 8.226 loading class com/sun/tools/javac/main/JavaCompiler done
Event: 8.232 loading class sun/nio/fs/WindowsSecurityDescriptor
Event: 8.233 loading class sun/nio/fs/WindowsSecurityDescriptor done
Event: 8.233 loading class java/nio/channels/Channels
Event: 8.234 loading class java/nio/channels/Channels done
Event: 8.234 loading class sun/nio/ch/ChannelInputStream
Event: 8.236 loading class sun/nio/ch/ChannelInputStream done
Event: 8.240 loading class jdk/internal/math/FloatingDecimal$HexFloatPattern
Event: 8.240 loading class jdk/internal/math/FloatingDecimal$HexFloatPattern done
Event: 8.240 loading class java/util/regex/Pattern$2
Event: 8.241 loading class java/util/regex/Pattern$2 done
Event: 8.249 loading class com/sun/tools/javac/parser/Tokens$TokenKind
Event: 8.249 loading class com/sun/tools/javac/parser/Tokens$TokenKind done
Event: 8.249 loading class com/sun/tools/javac/parser/Tokens$TokenKind
Event: 8.249 loading class com/sun/tools/javac/parser/Tokens$TokenKind done
Event: 8.249 loading class com/sun/tools/javac/util/Filter
Event: 8.249 loading class com/sun/tools/javac/util/Filter done


Dynamic libraries:
0x00007ff70d660000 - 0x00007ff70d66d000 	C:\Users\gauta\AppData\Local\Programs\AdoptOpenJDK\jdk-11.0.9.11-hotspot\bin\java.exe
0x00007ffc8a240000 - 0x00007ffc8a430000 	C:\WINDOWS\SYSTEM32\ntdll.dll
0x00007ffc88e40000 - 0x00007ffc88ef2000 	C:\WINDOWS\System32\KERNEL32.DLL
0x00007ffc87e70000 - 0x00007ffc88115000 	C:\WINDOWS\System32\KERNELBASE.dll
0x00007ffc87350000 - 0x00007ffc8744a000 	C:\WINDOWS\System32\ucrtbase.dll
0x00007ffc81cc0000 - 0x00007ffc81cd7000 	C:\Users\gauta\AppData\Local\Programs\AdoptOpenJDK\jdk-11.0.9.11-hotspot\bin\jli.dll
0x00007ffc77790000 - 0x00007ffc777a5000 	C:\Users\gauta\AppData\Local\Programs\AdoptOpenJDK\jdk-11.0.9.11-hotspot\bin\VCRUNTIME140.dll
0x00007ffc88300000 - 0x00007ffc88494000 	C:\WINDOWS\System32\USER32.dll
0x00007ffc882c0000 - 0x00007ffc882e1000 	C:\WINDOWS\System32\win32u.dll
0x00007ffc6ef60000 - 0x00007ffc6f1e4000 	C:\WINDOWS\WinSxS\amd64_microsoft.windows.common-controls_6595b64144ccf1df_6.0.18362.1500_none_9e79be6de462295c\COMCTL32.dll
0x00007ffc8a0b0000 - 0x00007ffc8a14e000 	C:\WINDOWS\System32\msvcrt.dll
0x00007ffc89060000 - 0x00007ffc89086000 	C:\WINDOWS\System32\GDI32.dll
0x00007ffc871b0000 - 0x00007ffc87348000 	C:\WINDOWS\System32\gdi32full.dll
0x00007ffc89090000 - 0x00007ffc893c6000 	C:\WINDOWS\System32\combase.dll
0x00007ffc88220000 - 0x00007ffc882be000 	C:\WINDOWS\System32\msvcp_win.dll
0x00007ffc88520000 - 0x00007ffc8863f000 	C:\WINDOWS\System32\RPCRT4.dll
0x00007ffc87de0000 - 0x00007ffc87e61000 	C:\WINDOWS\System32\bcryptPrimitives.dll
0x00007ffc88f00000 - 0x00007ffc88f2e000 	C:\WINDOWS\System32\IMM32.DLL
0x00007ffc691b0000 - 0x00007ffc6924b000 	C:\Users\gauta\AppData\Local\Programs\AdoptOpenJDK\jdk-11.0.9.11-hotspot\bin\msvcp140.dll
0x00007ffc4fe90000 - 0x00007ffc509d3000 	C:\Users\gauta\AppData\Local\Programs\AdoptOpenJDK\jdk-11.0.9.11-hotspot\bin\server\jvm.dll
0x00007ffc88790000 - 0x00007ffc88833000 	C:\WINDOWS\System32\ADVAPI32.dll
0x00007ffc88f30000 - 0x00007ffc88fc7000 	C:\WINDOWS\System32\sechost.dll
0x00007ffc88fd0000 - 0x00007ffc88fd8000 	C:\WINDOWS\System32\PSAPI.DLL
0x00007ffc75840000 - 0x00007ffc75849000 	C:\WINDOWS\SYSTEM32\WSOCK32.dll
0x00007ffc813c0000 - 0x00007ffc813ca000 	C:\WINDOWS\SYSTEM32\VERSION.dll
0x00007ffc82ef0000 - 0x00007ffc82f14000 	C:\WINDOWS\SYSTEM32\WINMM.dll
0x00007ffc89740000 - 0x00007ffc897af000 	C:\WINDOWS\System32\WS2_32.dll
0x00007ffc82e60000 - 0x00007ffc82e8d000 	C:\WINDOWS\SYSTEM32\winmmbase.dll
0x00007ffc87d90000 - 0x00007ffc87dda000 	C:\WINDOWS\System32\cfgmgr32.dll
0x00007ffc87100000 - 0x00007ffc87111000 	C:\WINDOWS\System32\kernel.appcore.dll
0x00007ffc82160000 - 0x00007ffc82170000 	C:\Users\gauta\AppData\Local\Programs\AdoptOpenJDK\jdk-11.0.9.11-hotspot\bin\verify.dll
0x00007ffc84d70000 - 0x00007ffc84f64000 	C:\WINDOWS\SYSTEM32\DBGHELP.DLL
0x00007ffc73690000 - 0x00007ffc736ba000 	C:\WINDOWS\SYSTEM32\dbgcore.DLL
0x00007ffc77470000 - 0x00007ffc77498000 	C:\Users\gauta\AppData\Local\Programs\AdoptOpenJDK\jdk-11.0.9.11-hotspot\bin\java.dll
0x00007ffc82130000 - 0x00007ffc8213a000 	C:\Users\gauta\AppData\Local\Programs\AdoptOpenJDK\jdk-11.0.9.11-hotspot\bin\jimage.dll
0x00007ffc77450000 - 0x00007ffc77467000 	C:\Users\gauta\AppData\Local\Programs\AdoptOpenJDK\jdk-11.0.9.11-hotspot\bin\zip.dll
0x00007ffc89880000 - 0x00007ffc89f68000 	C:\WINDOWS\System32\SHELL32.dll
0x00007ffc8a150000 - 0x00007ffc8a1f7000 	C:\WINDOWS\System32\shcore.dll
0x00007ffc87450000 - 0x00007ffc87bcb000 	C:\WINDOWS\System32\windows.storage.dll
0x00007ffc87120000 - 0x00007ffc8713e000 	C:\WINDOWS\System32\profapi.dll
0x00007ffc87160000 - 0x00007ffc871aa000 	C:\WINDOWS\System32\powrprof.dll
0x00007ffc870f0000 - 0x00007ffc87100000 	C:\WINDOWS\System32\UMPDC.dll
0x00007ffc88640000 - 0x00007ffc88692000 	C:\WINDOWS\System32\shlwapi.dll
0x00007ffc88120000 - 0x00007ffc88137000 	C:\WINDOWS\System32\cryptsp.dll
0x00007ffc77430000 - 0x00007ffc77449000 	C:\Users\gauta\AppData\Local\Programs\AdoptOpenJDK\jdk-11.0.9.11-hotspot\bin\net.dll
0x00007ffc777b0000 - 0x00007ffc778aa000 	C:\WINDOWS\SYSTEM32\WINHTTP.dll
0x00007ffc86930000 - 0x00007ffc86997000 	C:\WINDOWS\system32\mswsock.dll
0x00007ffc744a0000 - 0x00007ffc744b2000 	C:\Users\gauta\AppData\Local\Programs\AdoptOpenJDK\jdk-11.0.9.11-hotspot\bin\nio.dll
0x00007ffc81ce0000 - 0x00007ffc81d06000 	C:\Users\gauta\.gradle\native\31\windows-amd64\native-platform.dll
0x00007ffc7e900000 - 0x00007ffc7e909000 	C:\Users\gauta\AppData\Local\Programs\AdoptOpenJDK\jdk-11.0.9.11-hotspot\bin\management.dll
0x00007ffc776f0000 - 0x00007ffc776fb000 	C:\Users\gauta\AppData\Local\Programs\AdoptOpenJDK\jdk-11.0.9.11-hotspot\bin\management_ext.dll
0x00007ffc864b0000 - 0x00007ffc864e3000 	C:\WINDOWS\system32\rsaenh.dll
0x00007ffc881f0000 - 0x00007ffc88216000 	C:\WINDOWS\System32\bcrypt.dll
0x00007ffc86fe0000 - 0x00007ffc87005000 	C:\WINDOWS\SYSTEM32\USERENV.dll
0x00007ffc86b00000 - 0x00007ffc86b0c000 	C:\WINDOWS\SYSTEM32\CRYPTBASE.dll
0x00007ffc86640000 - 0x00007ffc8667a000 	C:\WINDOWS\SYSTEM32\IPHLPAPI.DLL
0x00007ffc88960000 - 0x00007ffc88968000 	C:\WINDOWS\System32\NSI.dll
0x00007ffc7d680000 - 0x00007ffc7d696000 	C:\WINDOWS\SYSTEM32\dhcpcsvc6.DLL
0x00007ffc7db30000 - 0x00007ffc7db4c000 	C:\WINDOWS\SYSTEM32\dhcpcsvc.DLL
0x00007ffc86680000 - 0x00007ffc8674b000 	C:\WINDOWS\SYSTEM32\DNSAPI.dll

dbghelp: loaded successfully - version: 4.0.5 - missing functions: none
symbol engine: initialized successfully - sym options: 0x614 - pdb path: .;C:\Users\gauta\AppData\Local\Programs\AdoptOpenJDK\jdk-11.0.9.11-hotspot\bin;C:\WINDOWS\SYSTEM32;C:\WINDOWS\WinSxS\amd64_microsoft.windows.common-controls_6595b64144ccf1df_6.0.18362.1500_none_9e79be6de462295c;C:\Users\gauta\AppData\Local\Programs\AdoptOpenJDK\jdk-11.0.9.11-hotspot\bin\server;C:\Users\gauta\.gradle\native\31\windows-amd64

VM Arguments:
jvm_args: --add-opens=java.base/java.util=ALL-UNNAMED --add-opens=java.base/java.lang=ALL-UNNAMED --add-opens=java.base/java.lang.invoke=ALL-UNNAMED --add-opens=java.prefs/java.util.prefs=ALL-UNNAMED -XX:MaxMetaspaceSize=256m -XX:+HeapDumpOnOutOfMemoryError -Xms256m -Xmx512m -Dfile.encoding=windows-1252 -Duser.country=US -Duser.language=en -Duser.variant 
java_command: org.gradle.launcher.daemon.bootstrap.GradleDaemon 6.1.1
java_class_path (initial): C:\Users\gauta\.gradle\wrapper\dists\gradle-6.1.1-bin\4i3ntwqiazourd86epxcz427c\gradle-6.1.1\lib\gradle-launcher-6.1.1.jar
Launcher Type: SUN_STANDARD

[Global flags]
     intx CICompilerCount                          = 4                                         {product} {ergonomic}
   size_t CompressedClassSpaceSize                 = 260046848                                 {product} {ergonomic}
     uint ConcGCThreads                            = 2                                         {product} {ergonomic}
     uint G1ConcRefinementThreads                  = 8                                         {product} {ergonomic}
   size_t G1HeapRegionSize                         = 1048576                                   {product} {ergonomic}
    uintx GCDrainStackTargetSize                   = 64                                        {product} {ergonomic}
     bool HeapDumpOnOutOfMemoryError               = true                                   {manageable} {command line}
   size_t InitialHeapSize                          = 268435456                                 {product} {command line}
   size_t MarkStackSize                            = 4194304                                   {product} {ergonomic}
   size_t MaxHeapSize                              = 536870912                                 {product} {command line}
   size_t MaxMetaspaceSize                         = 268435456                                 {product} {command line}
   size_t MaxNewSize                               = 321912832                                 {product} {ergonomic}
   size_t MinHeapDeltaBytes                        = 1048576                                   {product} {ergonomic}
    uintx NonNMethodCodeHeapSize                   = 5836300                                {pd product} {ergonomic}
    uintx NonProfiledCodeHeapSize                  = 122910970                              {pd product} {ergonomic}
    uintx ProfiledCodeHeapSize                     = 122910970                              {pd product} {ergonomic}
    uintx ReservedCodeCacheSize                    = 251658240                              {pd product} {ergonomic}
     bool SegmentedCodeCache                       = true                                      {product} {ergonomic}
     bool UseCompressedClassPointers               = true                                 {lp64_product} {ergonomic}
     bool UseCompressedOops                        = true                                 {lp64_product} {ergonomic}
     bool UseG1GC                                  = true                                      {product} {ergonomic}
     bool UseLargePagesIndividualAllocation        = false                                  {pd product} {ergonomic}

Logging:
Log output configuration:
 #0: stdout all=warning uptime,level,tags
 #1: stderr all=off uptime,level,tags

Environment Variables:
JAVA_HOME=C:\Users\gauta\AppData\Local\Programs\AdoptOpenJDK\jdk-11.0.9.11-hotspot\
PATH=C:\Program Files (x86)\Common Files\Oracle\Java\javapath;C:\WINDOWS\system32;C:\WINDOWS;C:\WINDOWS\System32\Wbem;C:\WINDOWS\System32\WindowsPowerShell\v1.0\;C:\WINDOWS\System32\OpenSSH\;C:\Program Files (x86)\IVI Foundation\VISA\WinNT\Bin;C:\Program Files\Intel\WiFi\bin\;C:\Program Files\Common Files\Intel\WirelessCommon\;C:\Users\gauta\OneDrive\Desktop\Gradle\gradle-6.5.1\bin;C:\Program Files\nodejs\;C:\Users\gauta\AppData\Local\Programs\AdoptOpenJDK\jdk-11.0.9.11-hotspot\bin;C:\Users\gauta\AppData\Local\Programs\AdoptOpenJDK\bin;C:\Users\gauta\AppData\Local\Microsoft\WindowsApps;C:\Users\gauta\AppData\Local\Programs\Microsoft VS Code\bin;C:\Users\gauta\AppData\Local\Programs\Git\cmd;C:\Users\gauta\AppData\Local\JetBrains\IntelliJ IDEA Community Edition 2020.1.3\bin;;C:\Users\gauta\AppData\Roaming\npm
USERNAME=gauta
OS=Windows_NT
PROCESSOR_IDENTIFIER=Intel64 Family 6 Model 142 Stepping 10, GenuineIntel



---------------  S Y S T E M  ---------------

OS: Windows 10 , 64 bit Build 18362 (10.0.18362.1500)
OS uptime: 3 days 14:25 hours

CPU:total 8 (initial active 8) (4 cores per cpu, 2 threads per core) family 6 model 142 stepping 10, cmov, cx8, fxsr, mmx, sse, sse2, sse3, ssse3, sse4.1, sse4.2, popcnt, avx, avx2, aes, clmul, erms, 3dnowpref, lzcnt, ht, tsc, tscinvbit, bmi1, bmi2, adx, fma

Memory: 4k page, system-wide physical 8075M (466M free)
TotalPageFile size 21880M (AvailPageFile size 6M)
current process WorkingSet (physical memory assigned to process): 302M, peak: 302M
current process commit charge ("private bytes"): 462M, peak: 463M

vm_info: OpenJDK 64-Bit Server VM (11.0.9+11) for windows-amd64 JRE (11.0.9+11), built on Oct 24 2020 15:15:35 by "" with MS VC++ 15.9 (VS2017)

END.
